<?xml version="1.0" encoding="UTF-8"?>
<coverage generated="1542595971839" clover="3.2.0">
  <project timestamp="1542595971839" name="All files">
    <metrics statements="137" coveredstatements="65" conditionals="24" coveredconditionals="10" methods="65" coveredmethods="6" elements="226" coveredelements="81" complexity="0" loc="137" ncloc="137" packages="5" files="9" classes="9">
      <package name="actions">
        <metrics statements="44" coveredstatements="16" conditionals="0" coveredconditionals="0" methods="28" coveredmethods="0"/>
        <file name="session_actions.js" path="/Users/limingkang/Documents/Full_Stack_Project/Instagraph/frontend/actions/session_actions.js">
          <metrics statements="18" coveredstatements="6" conditionals="0" coveredconditionals="0" methods="12" coveredmethods="0"/>
          <line num="2" count="2" type="stmt"/>
          <line num="3" count="2" type="stmt"/>
          <line num="4" count="2" type="stmt"/>
          <line num="6" count="2" type="stmt"/>
          <line num="7" count="0" type="stmt"/>
          <line num="8" count="0" type="stmt"/>
          <line num="9" count="0" type="stmt"/>
          <line num="12" count="0" type="stmt"/>
          <line num="18" count="2" type="stmt"/>
          <line num="19" count="0" type="stmt"/>
          <line num="20" count="0" type="stmt"/>
          <line num="21" count="0" type="stmt"/>
          <line num="24" count="0" type="stmt"/>
          <line num="31" count="2" type="stmt"/>
          <line num="32" count="0" type="stmt"/>
          <line num="33" count="0" type="stmt"/>
          <line num="34" count="0" type="stmt"/>
          <line num="37" count="0" type="stmt"/>
        </file>
        <file name="user_actions.js" path="/Users/limingkang/Documents/Full_Stack_Project/Instagraph/frontend/actions/user_actions.js">
          <metrics statements="26" coveredstatements="10" conditionals="0" coveredconditionals="0" methods="16" coveredmethods="0"/>
          <line num="3" count="1" type="stmt"/>
          <line num="4" count="1" type="stmt"/>
          <line num="5" count="1" type="stmt"/>
          <line num="6" count="1" type="stmt"/>
          <line num="8" count="1" type="stmt"/>
          <line num="9" count="0" type="stmt"/>
          <line num="10" count="0" type="stmt"/>
          <line num="11" count="0" type="stmt"/>
          <line num="15" count="1" type="stmt"/>
          <line num="16" count="0" type="stmt"/>
          <line num="17" count="0" type="stmt"/>
          <line num="18" count="0" type="stmt"/>
          <line num="24" count="1" type="stmt"/>
          <line num="25" count="0" type="stmt"/>
          <line num="26" count="0" type="stmt"/>
          <line num="27" count="0" type="stmt"/>
          <line num="32" count="1" type="stmt"/>
          <line num="33" count="0" type="stmt"/>
          <line num="34" count="0" type="stmt"/>
          <line num="35" count="0" type="stmt"/>
          <line num="40" count="1" type="stmt"/>
          <line num="41" count="0" type="stmt"/>
          <line num="42" count="0" type="stmt"/>
          <line num="43" count="0" type="stmt"/>
          <line num="49" count="1" type="stmt"/>
          <line num="50" count="0" type="stmt"/>
        </file>
      </package>
      <package name="components.greeting">
        <metrics statements="12" coveredstatements="8" conditionals="6" coveredconditionals="3" methods="4" coveredmethods="2"/>
        <file name="greeting.jsx" path="/Users/limingkang/Documents/Full_Stack_Project/Instagraph/frontend/components/greeting/greeting.jsx">
          <metrics statements="12" coveredstatements="8" conditionals="6" coveredconditionals="3" methods="4" coveredmethods="2"/>
          <line num="7" count="2" type="stmt"/>
          <line num="8" count="2" type="stmt"/>
          <line num="13" count="0" type="stmt"/>
          <line num="18" count="2" type="cond" truecount="1" falsecount="1"/>
          <line num="19" count="2" type="stmt"/>
          <line num="39" count="0" type="stmt"/>
          <line num="65" count="2" type="cond" truecount="1" falsecount="1"/>
          <line num="68" count="0" type="stmt"/>
          <line num="73" count="0" type="stmt"/>
          <line num="80" count="2" type="cond" truecount="1" falsecount="1"/>
          <line num="81" count="2" type="stmt"/>
          <line num="83" count="2" type="stmt"/>
        </file>
      </package>
      <package name="components.session_form">
        <metrics statements="18" coveredstatements="4" conditionals="0" coveredconditionals="0" methods="14" coveredmethods="0"/>
        <file name="login_form_container.jsx" path="/Users/limingkang/Documents/Full_Stack_Project/Instagraph/frontend/components/session_form/login_form_container.jsx">
          <metrics statements="4" coveredstatements="2" conditionals="0" coveredconditionals="0" methods="3" coveredmethods="0"/>
          <line num="6" count="2" type="stmt"/>
          <line num="11" count="2" type="stmt"/>
          <line num="12" count="0" type="stmt"/>
          <line num="13" count="0" type="stmt"/>
        </file>
        <file name="session_form.jsx" path="/Users/limingkang/Documents/Full_Stack_Project/Instagraph/frontend/components/session_form/session_form.jsx">
          <metrics statements="10" coveredstatements="0" conditionals="0" coveredconditionals="0" methods="8" coveredmethods="0"/>
          <line num="6" count="0" type="stmt"/>
          <line num="7" count="0" type="stmt"/>
          <line num="11" count="0" type="stmt"/>
          <line num="16" count="0" type="stmt"/>
          <line num="17" count="0" type="stmt"/>
          <line num="21" count="0" type="stmt"/>
          <line num="27" count="0" type="stmt"/>
          <line num="33" count="0" type="stmt"/>
          <line num="34" count="0" type="stmt"/>
          <line num="41" count="0" type="stmt"/>
        </file>
        <file name="signup_form_container.jsx" path="/Users/limingkang/Documents/Full_Stack_Project/Instagraph/frontend/components/session_form/signup_form_container.jsx">
          <metrics statements="4" coveredstatements="2" conditionals="0" coveredconditionals="0" methods="3" coveredmethods="0"/>
          <line num="6" count="2" type="stmt"/>
          <line num="11" count="2" type="stmt"/>
          <line num="12" count="0" type="stmt"/>
          <line num="13" count="0" type="stmt"/>
        </file>
      </package>
      <package name="components.side_bar">
        <metrics statements="47" coveredstatements="29" conditionals="18" coveredconditionals="7" methods="11" coveredmethods="4"/>
        <file name="side_bar.jsx" path="/Users/limingkang/Documents/Full_Stack_Project/Instagraph/frontend/components/side_bar/side_bar.jsx">
          <metrics statements="47" coveredstatements="29" conditionals="18" coveredconditionals="7" methods="11" coveredmethods="4"/>
          <line num="9" count="2" type="stmt"/>
          <line num="13" count="2" type="stmt"/>
          <line num="14" count="2" type="stmt"/>
          <line num="18" count="2" type="stmt"/>
          <line num="19" count="2" type="stmt"/>
          <line num="20" count="2" type="stmt"/>
          <line num="21" count="2" type="stmt"/>
          <line num="22" count="2" type="stmt"/>
          <line num="23" count="2" type="stmt"/>
          <line num="24" count="2" type="stmt"/>
          <line num="25" count="2" type="stmt"/>
          <line num="26" count="2" type="stmt"/>
          <line num="27" count="2" type="stmt"/>
          <line num="28" count="2" type="stmt"/>
          <line num="29" count="2" type="stmt"/>
          <line num="31" count="2" type="cond" truecount="1" falsecount="1"/>
          <line num="32" count="0" type="stmt"/>
          <line num="34" count="2" type="cond" truecount="1" falsecount="1"/>
          <line num="35" count="0" type="stmt"/>
          <line num="36" count="0" type="stmt"/>
          <line num="37" count="0" type="stmt"/>
          <line num="38" count="0" type="stmt"/>
          <line num="40" count="2" type="cond" truecount="1" falsecount="1"/>
          <line num="41" count="0" type="stmt"/>
          <line num="43" count="2" type="cond" truecount="1" falsecount="1"/>
          <line num="44" count="0" type="stmt"/>
          <line num="46" count="2" type="cond" truecount="1" falsecount="1"/>
          <line num="47" count="0" type="stmt"/>
          <line num="49" count="2" type="cond" truecount="1" falsecount="1"/>
          <line num="50" count="0" type="stmt"/>
          <line num="52" count="2" type="cond" truecount="1" falsecount="1"/>
          <line num="53" count="0" type="stmt"/>
          <line num="56" count="2" type="stmt"/>
          <line num="58" count="2" type="stmt"/>
          <line num="62" count="0" type="stmt"/>
          <line num="67" count="0" type="stmt"/>
          <line num="71" count="2" type="stmt"/>
          <line num="72" count="2" type="stmt"/>
          <line num="74" count="0" type="cond" truecount="0" falsecount="2"/>
          <line num="75" count="0" type="stmt"/>
          <line num="78" count="0" type="stmt"/>
          <line num="94" count="2" type="stmt"/>
          <line num="119" count="1" type="stmt"/>
          <line num="120" count="0" type="stmt"/>
          <line num="127" count="1" type="stmt"/>
          <line num="128" count="0" type="stmt"/>
          <line num="129" count="0" type="stmt"/>
        </file>
      </package>
      <package name="util">
        <metrics statements="16" coveredstatements="8" conditionals="0" coveredconditionals="0" methods="8" coveredmethods="0"/>
        <file name="session_api_util.js" path="/Users/limingkang/Documents/Full_Stack_Project/Instagraph/frontend/util/session_api_util.js">
          <metrics statements="6" coveredstatements="3" conditionals="0" coveredconditionals="0" methods="3" coveredmethods="0"/>
          <line num="1" count="2" type="stmt"/>
          <line num="2" count="0" type="stmt"/>
          <line num="12" count="2" type="stmt"/>
          <line num="13" count="0" type="stmt"/>
          <line num="23" count="2" type="stmt"/>
          <line num="24" count="0" type="stmt"/>
        </file>
        <file name="user_api_util.js" path="/Users/limingkang/Documents/Full_Stack_Project/Instagraph/frontend/util/user_api_util.js">
          <metrics statements="10" coveredstatements="5" conditionals="0" coveredconditionals="0" methods="5" coveredmethods="0"/>
          <line num="1" count="1" type="stmt"/>
          <line num="2" count="0" type="stmt"/>
          <line num="11" count="1" type="stmt"/>
          <line num="12" count="0" type="stmt"/>
          <line num="18" count="1" type="stmt"/>
          <line num="19" count="0" type="stmt"/>
          <line num="29" count="1" type="stmt"/>
          <line num="30" count="0" type="stmt"/>
          <line num="40" count="1" type="stmt"/>
          <line num="41" count="0" type="stmt"/>
        </file>
      </package>
    </metrics>
  </project>
</coverage>
