{"/Users/limingkang/Documents/Full_Stack_Project/Instagraph/frontend/actions/session_actions.js": {"path":"/Users/limingkang/Documents/Full_Stack_Project/Instagraph/frontend/actions/session_actions.js","statementMap":{"0":{"start":{"line":2,"column":36},"end":{"line":2,"column":58}},"1":{"start":{"line":3,"column":35},"end":{"line":3,"column":56}},"2":{"start":{"line":4,"column":38},"end":{"line":4,"column":54}},"3":{"start":{"line":6,"column":21},"end":{"line":16,"column":1}},"4":{"start":{"line":7,"column":2},"end":{"line":15,"column":4}},"5":{"start":{"line":8,"column":4},"end":{"line":14,"column":4}},"6":{"start":{"line":9,"column":7},"end":{"line":9,"column":65}},"7":{"start":{"line":12,"column":7},"end":{"line":12,"column":84}},"8":{"start":{"line":18,"column":22},"end":{"line":28,"column":1}},"9":{"start":{"line":19,"column":2},"end":{"line":27,"column":4}},"10":{"start":{"line":20,"column":4},"end":{"line":26,"column":4}},"11":{"start":{"line":21,"column":6},"end":{"line":21,"column":64}},"12":{"start":{"line":24,"column":6},"end":{"line":24,"column":83}},"13":{"start":{"line":31,"column":22},"end":{"line":41,"column":1}},"14":{"start":{"line":32,"column":2},"end":{"line":40,"column":4}},"15":{"start":{"line":33,"column":4},"end":{"line":39,"column":4}},"16":{"start":{"line":34,"column":6},"end":{"line":34,"column":51}},"17":{"start":{"line":37,"column":6},"end":{"line":37,"column":83}}},"fnMap":{"0":{"name":"(anonymous_0)","decl":{"start":{"line":6,"column":21},"end":{"line":6,"column":22}},"loc":{"start":{"line":6,"column":29},"end":{"line":16,"column":1}},"line":6},"1":{"name":"(anonymous_1)","decl":{"start":{"line":7,"column":9},"end":{"line":7,"column":10}},"loc":{"start":{"line":7,"column":21},"end":{"line":15,"column":3}},"line":7},"2":{"name":"(anonymous_2)","decl":{"start":{"line":8,"column":36},"end":{"line":8,"column":37}},"loc":{"start":{"line":8,"column":44},"end":{"line":10,"column":5}},"line":8},"3":{"name":"(anonymous_3)","decl":{"start":{"line":11,"column":4},"end":{"line":11,"column":5}},"loc":{"start":{"line":11,"column":14},"end":{"line":13,"column":5}},"line":11},"4":{"name":"(anonymous_4)","decl":{"start":{"line":18,"column":22},"end":{"line":18,"column":23}},"loc":{"start":{"line":18,"column":30},"end":{"line":28,"column":1}},"line":18},"5":{"name":"(anonymous_5)","decl":{"start":{"line":19,"column":9},"end":{"line":19,"column":10}},"loc":{"start":{"line":19,"column":21},"end":{"line":27,"column":3}},"line":19},"6":{"name":"(anonymous_6)","decl":{"start":{"line":20,"column":37},"end":{"line":20,"column":38}},"loc":{"start":{"line":20,"column":45},"end":{"line":22,"column":5}},"line":20},"7":{"name":"(anonymous_7)","decl":{"start":{"line":23,"column":4},"end":{"line":23,"column":5}},"loc":{"start":{"line":23,"column":14},"end":{"line":25,"column":5}},"line":23},"8":{"name":"(anonymous_8)","decl":{"start":{"line":31,"column":22},"end":{"line":31,"column":23}},"loc":{"start":{"line":31,"column":28},"end":{"line":41,"column":1}},"line":31},"9":{"name":"(anonymous_9)","decl":{"start":{"line":32,"column":9},"end":{"line":32,"column":10}},"loc":{"start":{"line":32,"column":21},"end":{"line":40,"column":3}},"line":32},"10":{"name":"(anonymous_10)","decl":{"start":{"line":33,"column":33},"end":{"line":33,"column":34}},"loc":{"start":{"line":33,"column":39},"end":{"line":35,"column":5}},"line":33},"11":{"name":"(anonymous_11)","decl":{"start":{"line":36,"column":4},"end":{"line":36,"column":5}},"loc":{"start":{"line":36,"column":14},"end":{"line":38,"column":5}},"line":36}},"branchMap":{},"s":{"0":2,"1":2,"2":2,"3":2,"4":0,"5":0,"6":0,"7":0,"8":2,"9":0,"10":0,"11":0,"12":0,"13":2,"14":0,"15":0,"16":0,"17":0},"f":{"0":0,"1":0,"2":0,"3":0,"4":0,"5":0,"6":0,"7":0,"8":0,"9":0,"10":0,"11":0},"b":{},"_coverageSchema":"332fd63041d2c1bcb487cc26dd0d5f7d97098a6c","hash":"1da60f321811825d243540c71f16cc436e977dc5"}
,"/Users/limingkang/Documents/Full_Stack_Project/Instagraph/frontend/actions/user_actions.js": {"path":"/Users/limingkang/Documents/Full_Stack_Project/Instagraph/frontend/actions/user_actions.js","statementMap":{"0":{"start":{"line":3,"column":28},"end":{"line":3,"column":42}},"1":{"start":{"line":4,"column":29},"end":{"line":4,"column":44}},"2":{"start":{"line":5,"column":28},"end":{"line":5,"column":42}},"3":{"start":{"line":6,"column":28},"end":{"line":6,"column":42}},"4":{"start":{"line":8,"column":26},"end":{"line":14,"column":1}},"5":{"start":{"line":9,"column":2},"end":{"line":13,"column":4}},"6":{"start":{"line":10,"column":4},"end":{"line":12,"column":7}},"7":{"start":{"line":11,"column":8},"end":{"line":11,"column":61}},"8":{"start":{"line":15,"column":25},"end":{"line":21,"column":1}},"9":{"start":{"line":16,"column":2},"end":{"line":20,"column":4}},"10":{"start":{"line":17,"column":4},"end":{"line":19,"column":7}},"11":{"start":{"line":18,"column":8},"end":{"line":18,"column":58}},"12":{"start":{"line":24,"column":26},"end":{"line":30,"column":1}},"13":{"start":{"line":25,"column":2},"end":{"line":29,"column":4}},"14":{"start":{"line":26,"column":4},"end":{"line":28,"column":7}},"15":{"start":{"line":27,"column":6},"end":{"line":27,"column":56}},"16":{"start":{"line":32,"column":27},"end":{"line":38,"column":1}},"17":{"start":{"line":33,"column":2},"end":{"line":37,"column":4}},"18":{"start":{"line":34,"column":4},"end":{"line":36,"column":7}},"19":{"start":{"line":35,"column":6},"end":{"line":35,"column":64}},"20":{"start":{"line":40,"column":32},"end":{"line":46,"column":1}},"21":{"start":{"line":41,"column":2},"end":{"line":45,"column":4}},"22":{"start":{"line":42,"column":4},"end":{"line":44,"column":7}},"23":{"start":{"line":43,"column":6},"end":{"line":43,"column":64}},"24":{"start":{"line":49,"column":28},"end":{"line":51,"column":1}},"25":{"start":{"line":50,"column":2},"end":{"line":50,"column":40}}},"fnMap":{"0":{"name":"(anonymous_0)","decl":{"start":{"line":8,"column":26},"end":{"line":8,"column":27}},"loc":{"start":{"line":8,"column":32},"end":{"line":14,"column":1}},"line":8},"1":{"name":"(anonymous_1)","decl":{"start":{"line":9,"column":9},"end":{"line":9,"column":10}},"loc":{"start":{"line":9,"column":23},"end":{"line":13,"column":3}},"line":9},"2":{"name":"(anonymous_2)","decl":{"start":{"line":10,"column":41},"end":{"line":10,"column":42}},"loc":{"start":{"line":10,"column":50},"end":{"line":12,"column":5}},"line":10},"3":{"name":"(anonymous_3)","decl":{"start":{"line":15,"column":25},"end":{"line":15,"column":26}},"loc":{"start":{"line":15,"column":33},"end":{"line":21,"column":1}},"line":15},"4":{"name":"(anonymous_4)","decl":{"start":{"line":16,"column":9},"end":{"line":16,"column":10}},"loc":{"start":{"line":16,"column":23},"end":{"line":20,"column":3}},"line":16},"5":{"name":"(anonymous_5)","decl":{"start":{"line":17,"column":42},"end":{"line":17,"column":43}},"loc":{"start":{"line":17,"column":50},"end":{"line":19,"column":5}},"line":17},"6":{"name":"(anonymous_6)","decl":{"start":{"line":24,"column":26},"end":{"line":24,"column":27}},"loc":{"start":{"line":24,"column":36},"end":{"line":30,"column":1}},"line":24},"7":{"name":"(anonymous_7)","decl":{"start":{"line":25,"column":9},"end":{"line":25,"column":10}},"loc":{"start":{"line":25,"column":23},"end":{"line":29,"column":3}},"line":25},"8":{"name":"(anonymous_8)","decl":{"start":{"line":26,"column":45},"end":{"line":26,"column":46}},"loc":{"start":{"line":26,"column":53},"end":{"line":28,"column":5}},"line":26},"9":{"name":"(anonymous_9)","decl":{"start":{"line":32,"column":27},"end":{"line":32,"column":28}},"loc":{"start":{"line":32,"column":38},"end":{"line":38,"column":1}},"line":32},"10":{"name":"(anonymous_10)","decl":{"start":{"line":33,"column":9},"end":{"line":33,"column":10}},"loc":{"start":{"line":33,"column":23},"end":{"line":37,"column":3}},"line":33},"11":{"name":"(anonymous_11)","decl":{"start":{"line":34,"column":47},"end":{"line":34,"column":48}},"loc":{"start":{"line":34,"column":59},"end":{"line":36,"column":5}},"line":34},"12":{"name":"(anonymous_12)","decl":{"start":{"line":40,"column":32},"end":{"line":40,"column":33}},"loc":{"start":{"line":40,"column":41},"end":{"line":46,"column":1}},"line":40},"13":{"name":"(anonymous_13)","decl":{"start":{"line":41,"column":9},"end":{"line":41,"column":10}},"loc":{"start":{"line":41,"column":23},"end":{"line":45,"column":3}},"line":41},"14":{"name":"(anonymous_14)","decl":{"start":{"line":42,"column":50},"end":{"line":42,"column":51}},"loc":{"start":{"line":42,"column":62},"end":{"line":44,"column":5}},"line":42},"15":{"name":"(anonymous_15)","decl":{"start":{"line":49,"column":28},"end":{"line":49,"column":29}},"loc":{"start":{"line":49,"column":34},"end":{"line":51,"column":1}},"line":49}},"branchMap":{},"s":{"0":1,"1":1,"2":1,"3":1,"4":1,"5":0,"6":0,"7":0,"8":1,"9":0,"10":0,"11":0,"12":1,"13":0,"14":0,"15":0,"16":1,"17":0,"18":0,"19":0,"20":1,"21":0,"22":0,"23":0,"24":1,"25":0},"f":{"0":0,"1":0,"2":0,"3":0,"4":0,"5":0,"6":0,"7":0,"8":0,"9":0,"10":0,"11":0,"12":0,"13":0,"14":0,"15":0},"b":{},"_coverageSchema":"332fd63041d2c1bcb487cc26dd0d5f7d97098a6c","hash":"bae0b479f92272045918804c068bbd0852944407"}
,"/Users/limingkang/Documents/Full_Stack_Project/Instagraph/frontend/components/greeting/greeting.jsx": {"path":"/Users/limingkang/Documents/Full_Stack_Project/Instagraph/frontend/components/greeting/greeting.jsx","statementMap":{"0":{"start":{"line":7,"column":4},"end":{"line":7,"column":17}},"1":{"start":{"line":8,"column":4},"end":{"line":8,"column":30}},"2":{"start":{"line":13,"column":4},"end":{"line":13,"column":112}},"3":{"start":{"line":13,"column":74},"end":{"line":13,"column":110}},"4":{"start":{"line":18,"column":4},"end":{"line":63,"column":5}},"5":{"start":{"line":19,"column":6},"end":{"line":37,"column":7}},"6":{"start":{"line":39,"column":6},"end":{"line":62,"column":7}},"7":{"start":{"line":65,"column":4},"end":{"line":88,"column":5}},"8":{"start":{"line":68,"column":6},"end":{"line":71,"column":12}},"9":{"start":{"line":73,"column":6},"end":{"line":77,"column":8}},"10":{"start":{"line":80,"column":6},"end":{"line":82,"column":7}},"11":{"start":{"line":81,"column":8},"end":{"line":81,"column":38}},"12":{"start":{"line":83,"column":6},"end":{"line":87,"column":8}}},"fnMap":{"0":{"name":"(anonymous_0)","decl":{"start":{"line":6,"column":2},"end":{"line":6,"column":3}},"loc":{"start":{"line":6,"column":20},"end":{"line":9,"column":3}},"line":6},"1":{"name":"(anonymous_1)","decl":{"start":{"line":12,"column":2},"end":{"line":12,"column":3}},"loc":{"start":{"line":12,"column":13},"end":{"line":14,"column":3}},"line":12},"2":{"name":"(anonymous_2)","decl":{"start":{"line":13,"column":69},"end":{"line":13,"column":70}},"loc":{"start":{"line":13,"column":74},"end":{"line":13,"column":110}},"line":13},"3":{"name":"(anonymous_3)","decl":{"start":{"line":16,"column":2},"end":{"line":16,"column":3}},"loc":{"start":{"line":16,"column":12},"end":{"line":89,"column":3}},"line":16}},"branchMap":{"0":{"loc":{"start":{"line":18,"column":4},"end":{"line":63,"column":5}},"type":"if","locations":[{"start":{"line":18,"column":4},"end":{"line":63,"column":5}},{"start":{"line":18,"column":4},"end":{"line":63,"column":5}}],"line":18},"1":{"loc":{"start":{"line":65,"column":4},"end":{"line":88,"column":5}},"type":"if","locations":[{"start":{"line":65,"column":4},"end":{"line":88,"column":5}},{"start":{"line":65,"column":4},"end":{"line":88,"column":5}}],"line":65},"2":{"loc":{"start":{"line":80,"column":6},"end":{"line":82,"column":7}},"type":"if","locations":[{"start":{"line":80,"column":6},"end":{"line":82,"column":7}},{"start":{"line":80,"column":6},"end":{"line":82,"column":7}}],"line":80}},"s":{"0":2,"1":2,"2":0,"3":0,"4":2,"5":2,"6":0,"7":2,"8":0,"9":0,"10":2,"11":2,"12":2},"f":{"0":2,"1":0,"2":0,"3":2},"b":{"0":[2,0],"1":[0,2],"2":[2,0]},"_coverageSchema":"332fd63041d2c1bcb487cc26dd0d5f7d97098a6c","hash":"b6182fb1025d1bae39cd4b84fc42fb861269c045"}
,"/Users/limingkang/Documents/Full_Stack_Project/Instagraph/frontend/components/session_form/login_form_container.jsx": {"path":"/Users/limingkang/Documents/Full_Stack_Project/Instagraph/frontend/components/session_form/login_form_container.jsx","statementMap":{"0":{"start":{"line":6,"column":24},"end":{"line":9,"column":2}},"1":{"start":{"line":6,"column":46},"end":{"line":9,"column":1}},"2":{"start":{"line":11,"column":27},"end":{"line":15,"column":1}},"3":{"start":{"line":12,"column":2},"end":{"line":14,"column":4}},"4":{"start":{"line":13,"column":27},"end":{"line":13,"column":48}}},"fnMap":{"0":{"name":"(anonymous_0)","decl":{"start":{"line":6,"column":24},"end":{"line":6,"column":25}},"loc":{"start":{"line":6,"column":46},"end":{"line":9,"column":1}},"line":6},"1":{"name":"(anonymous_1)","decl":{"start":{"line":11,"column":27},"end":{"line":11,"column":28}},"loc":{"start":{"line":11,"column":39},"end":{"line":15,"column":1}},"line":11},"2":{"name":"(anonymous_2)","decl":{"start":{"line":13,"column":17},"end":{"line":13,"column":18}},"loc":{"start":{"line":13,"column":27},"end":{"line":13,"column":48}},"line":13}},"branchMap":{},"s":{"0":2,"1":0,"2":2,"3":0,"4":0},"f":{"0":0,"1":0,"2":0},"b":{},"_coverageSchema":"332fd63041d2c1bcb487cc26dd0d5f7d97098a6c","hash":"38f87ec49553f3cd643520141121f1cea06d57ec"}
,"/Users/limingkang/Documents/Full_Stack_Project/Instagraph/frontend/components/session_form/session_form.jsx": {"path":"/Users/limingkang/Documents/Full_Stack_Project/Instagraph/frontend/components/session_form/session_form.jsx","statementMap":{"0":{"start":{"line":6,"column":4},"end":{"line":6,"column":17}},"1":{"start":{"line":7,"column":4},"end":{"line":10,"column":6}},"2":{"start":{"line":11,"column":4},"end":{"line":11,"column":53}},"3":{"start":{"line":16,"column":4},"end":{"line":16,"column":23}},"4":{"start":{"line":17,"column":4},"end":{"line":17,"column":87}},"5":{"start":{"line":17,"column":49},"end":{"line":17,"column":85}},"6":{"start":{"line":21,"column":4},"end":{"line":23,"column":7}},"7":{"start":{"line":27,"column":4},"end":{"line":29,"column":7}},"8":{"start":{"line":33,"column":4},"end":{"line":37,"column":6}},"9":{"start":{"line":34,"column":6},"end":{"line":36,"column":9}},"10":{"start":{"line":41,"column":4},"end":{"line":47,"column":6}}},"fnMap":{"0":{"name":"(anonymous_0)","decl":{"start":{"line":5,"column":2},"end":{"line":5,"column":3}},"loc":{"start":{"line":5,"column":21},"end":{"line":12,"column":3}},"line":5},"1":{"name":"(anonymous_1)","decl":{"start":{"line":15,"column":2},"end":{"line":15,"column":3}},"loc":{"start":{"line":15,"column":17},"end":{"line":18,"column":3}},"line":15},"2":{"name":"(anonymous_2)","decl":{"start":{"line":17,"column":44},"end":{"line":17,"column":45}},"loc":{"start":{"line":17,"column":49},"end":{"line":17,"column":85}},"line":17},"3":{"name":"(anonymous_3)","decl":{"start":{"line":20,"column":2},"end":{"line":20,"column":3}},"loc":{"start":{"line":20,"column":19},"end":{"line":24,"column":3}},"line":20},"4":{"name":"(anonymous_4)","decl":{"start":{"line":26,"column":2},"end":{"line":26,"column":3}},"loc":{"start":{"line":26,"column":13},"end":{"line":30,"column":3}},"line":26},"5":{"name":"(anonymous_5)","decl":{"start":{"line":32,"column":2},"end":{"line":32,"column":3}},"loc":{"start":{"line":32,"column":16},"end":{"line":38,"column":3}},"line":32},"6":{"name":"(anonymous_6)","decl":{"start":{"line":33,"column":11},"end":{"line":33,"column":12}},"loc":{"start":{"line":33,"column":18},"end":{"line":37,"column":5}},"line":33},"7":{"name":"(anonymous_7)","decl":{"start":{"line":40,"column":2},"end":{"line":40,"column":3}},"loc":{"start":{"line":40,"column":11},"end":{"line":48,"column":3}},"line":40}},"branchMap":{},"s":{"0":0,"1":0,"2":0,"3":0,"4":0,"5":0,"6":0,"7":0,"8":0,"9":0,"10":0},"f":{"0":0,"1":0,"2":0,"3":0,"4":0,"5":0,"6":0,"7":0},"b":{},"_coverageSchema":"332fd63041d2c1bcb487cc26dd0d5f7d97098a6c","hash":"a7a4124b4737fa93e059300f87c31d92cf82546e"}
,"/Users/limingkang/Documents/Full_Stack_Project/Instagraph/frontend/components/session_form/signup_form_container.jsx": {"path":"/Users/limingkang/Documents/Full_Stack_Project/Instagraph/frontend/components/session_form/signup_form_container.jsx","statementMap":{"0":{"start":{"line":6,"column":24},"end":{"line":9,"column":2}},"1":{"start":{"line":6,"column":46},"end":{"line":9,"column":1}},"2":{"start":{"line":11,"column":27},"end":{"line":15,"column":1}},"3":{"start":{"line":12,"column":2},"end":{"line":14,"column":4}},"4":{"start":{"line":13,"column":27},"end":{"line":13,"column":49}}},"fnMap":{"0":{"name":"(anonymous_0)","decl":{"start":{"line":6,"column":24},"end":{"line":6,"column":25}},"loc":{"start":{"line":6,"column":46},"end":{"line":9,"column":1}},"line":6},"1":{"name":"(anonymous_1)","decl":{"start":{"line":11,"column":27},"end":{"line":11,"column":28}},"loc":{"start":{"line":11,"column":39},"end":{"line":15,"column":1}},"line":11},"2":{"name":"(anonymous_2)","decl":{"start":{"line":13,"column":17},"end":{"line":13,"column":18}},"loc":{"start":{"line":13,"column":27},"end":{"line":13,"column":49}},"line":13}},"branchMap":{},"s":{"0":2,"1":0,"2":2,"3":0,"4":0},"f":{"0":0,"1":0,"2":0},"b":{},"_coverageSchema":"332fd63041d2c1bcb487cc26dd0d5f7d97098a6c","hash":"5ea3666724539e0de27c4ae7629d4e46733d59a5"}
,"/Users/limingkang/Documents/Full_Stack_Project/Instagraph/frontend/components/side_bar/side_bar.jsx": {"path":"/Users/limingkang/Documents/Full_Stack_Project/Instagraph/frontend/components/side_bar/side_bar.jsx","statementMap":{"0":{"start":{"line":9,"column":4},"end":{"line":9,"column":17}},"1":{"start":{"line":13,"column":16},"end":{"line":13,"column":58}},"2":{"start":{"line":13,"column":50},"end":{"line":13,"column":57}},"3":{"start":{"line":14,"column":4},"end":{"line":14,"column":37}},"4":{"start":{"line":18,"column":24},"end":{"line":18,"column":38}},"5":{"start":{"line":19,"column":20},"end":{"line":19,"column":30}},"6":{"start":{"line":20,"column":19},"end":{"line":20,"column":28}},"7":{"start":{"line":21,"column":17},"end":{"line":21,"column":28}},"8":{"start":{"line":22,"column":16},"end":{"line":22,"column":25}},"9":{"start":{"line":23,"column":18},"end":{"line":23,"column":26}},"10":{"start":{"line":24,"column":22},"end":{"line":24,"column":43}},"11":{"start":{"line":25,"column":22},"end":{"line":25,"column":39}},"12":{"start":{"line":26,"column":21},"end":{"line":26,"column":42}},"13":{"start":{"line":27,"column":20},"end":{"line":27,"column":35}},"14":{"start":{"line":28,"column":21},"end":{"line":28,"column":37}},"15":{"start":{"line":29,"column":23},"end":{"line":29,"column":41}},"16":{"start":{"line":31,"column":6},"end":{"line":57,"column":7}},"17":{"start":{"line":32,"column":10},"end":{"line":32,"column":30}},"18":{"start":{"line":34,"column":11},"end":{"line":57,"column":7}},"19":{"start":{"line":35,"column":10},"end":{"line":35,"column":51}},"20":{"start":{"line":36,"column":10},"end":{"line":36,"column":49}},"21":{"start":{"line":37,"column":10},"end":{"line":37,"column":42}},"22":{"start":{"line":38,"column":10},"end":{"line":38,"column":24}},"23":{"start":{"line":40,"column":11},"end":{"line":57,"column":7}},"24":{"start":{"line":41,"column":10},"end":{"line":41,"column":56}},"25":{"start":{"line":43,"column":11},"end":{"line":57,"column":7}},"26":{"start":{"line":44,"column":10},"end":{"line":44,"column":54}},"27":{"start":{"line":46,"column":11},"end":{"line":57,"column":7}},"28":{"start":{"line":47,"column":10},"end":{"line":47,"column":52}},"29":{"start":{"line":49,"column":11},"end":{"line":57,"column":7}},"30":{"start":{"line":50,"column":10},"end":{"line":50,"column":54}},"31":{"start":{"line":52,"column":11},"end":{"line":57,"column":7}},"32":{"start":{"line":53,"column":10},"end":{"line":53,"column":58}},"33":{"start":{"line":56,"column":10},"end":{"line":56,"column":30}},"34":{"start":{"line":58,"column":6},"end":{"line":58,"column":20}},"35":{"start":{"line":62,"column":4},"end":{"line":62,"column":105}},"36":{"start":{"line":67,"column":4},"end":{"line":67,"column":73}},"37":{"start":{"line":71,"column":20},"end":{"line":71,"column":41}},"38":{"start":{"line":72,"column":16},"end":{"line":91,"column":8}},"39":{"start":{"line":74,"column":8},"end":{"line":76,"column":9}},"40":{"start":{"line":75,"column":10},"end":{"line":75,"column":95}},"41":{"start":{"line":78,"column":8},"end":{"line":90,"column":9}},"42":{"start":{"line":94,"column":4},"end":{"line":114,"column":5}},"43":{"start":{"line":119,"column":24},"end":{"line":125,"column":1}},"44":{"start":{"line":120,"column":2},"end":{"line":124,"column":3}},"45":{"start":{"line":127,"column":27},"end":{"line":131,"column":1}},"46":{"start":{"line":128,"column":2},"end":{"line":130,"column":3}},"47":{"start":{"line":129,"column":31},"end":{"line":129,"column":62}}},"fnMap":{"0":{"name":"(anonymous_0)","decl":{"start":{"line":8,"column":2},"end":{"line":8,"column":3}},"loc":{"start":{"line":8,"column":20},"end":{"line":10,"column":3}},"line":8},"1":{"name":"(anonymous_1)","decl":{"start":{"line":12,"column":2},"end":{"line":12,"column":3}},"loc":{"start":{"line":12,"column":21},"end":{"line":15,"column":3}},"line":12},"2":{"name":"(anonymous_2)","decl":{"start":{"line":13,"column":42},"end":{"line":13,"column":43}},"loc":{"start":{"line":13,"column":50},"end":{"line":13,"column":57}},"line":13},"3":{"name":"(anonymous_3)","decl":{"start":{"line":17,"column":2},"end":{"line":17,"column":3}},"loc":{"start":{"line":17,"column":20},"end":{"line":59,"column":3}},"line":17},"4":{"name":"(anonymous_4)","decl":{"start":{"line":61,"column":2},"end":{"line":61,"column":3}},"loc":{"start":{"line":61,"column":15},"end":{"line":63,"column":3}},"line":61},"5":{"name":"(anonymous_5)","decl":{"start":{"line":66,"column":2},"end":{"line":66,"column":3}},"loc":{"start":{"line":66,"column":27},"end":{"line":68,"column":3}},"line":66},"6":{"name":"(anonymous_6)","decl":{"start":{"line":70,"column":2},"end":{"line":70,"column":3}},"loc":{"start":{"line":70,"column":10},"end":{"line":115,"column":3}},"line":70},"7":{"name":"(anonymous_7)","decl":{"start":{"line":72,"column":28},"end":{"line":72,"column":29}},"loc":{"start":{"line":72,"column":45},"end":{"line":91,"column":7}},"line":72},"8":{"name":"(anonymous_8)","decl":{"start":{"line":119,"column":24},"end":{"line":119,"column":25}},"loc":{"start":{"line":119,"column":45},"end":{"line":125,"column":1}},"line":119},"9":{"name":"(anonymous_9)","decl":{"start":{"line":127,"column":27},"end":{"line":127,"column":28}},"loc":{"start":{"line":127,"column":41},"end":{"line":131,"column":1}},"line":127},"10":{"name":"(anonymous_10)","decl":{"start":{"line":129,"column":22},"end":{"line":129,"column":23}},"loc":{"start":{"line":129,"column":31},"end":{"line":129,"column":62}},"line":129}},"branchMap":{"0":{"loc":{"start":{"line":31,"column":6},"end":{"line":57,"column":7}},"type":"if","locations":[{"start":{"line":31,"column":6},"end":{"line":57,"column":7}},{"start":{"line":31,"column":6},"end":{"line":57,"column":7}}],"line":31},"1":{"loc":{"start":{"line":34,"column":11},"end":{"line":57,"column":7}},"type":"if","locations":[{"start":{"line":34,"column":11},"end":{"line":57,"column":7}},{"start":{"line":34,"column":11},"end":{"line":57,"column":7}}],"line":34},"2":{"loc":{"start":{"line":40,"column":11},"end":{"line":57,"column":7}},"type":"if","locations":[{"start":{"line":40,"column":11},"end":{"line":57,"column":7}},{"start":{"line":40,"column":11},"end":{"line":57,"column":7}}],"line":40},"3":{"loc":{"start":{"line":43,"column":11},"end":{"line":57,"column":7}},"type":"if","locations":[{"start":{"line":43,"column":11},"end":{"line":57,"column":7}},{"start":{"line":43,"column":11},"end":{"line":57,"column":7}}],"line":43},"4":{"loc":{"start":{"line":46,"column":11},"end":{"line":57,"column":7}},"type":"if","locations":[{"start":{"line":46,"column":11},"end":{"line":57,"column":7}},{"start":{"line":46,"column":11},"end":{"line":57,"column":7}}],"line":46},"5":{"loc":{"start":{"line":49,"column":11},"end":{"line":57,"column":7}},"type":"if","locations":[{"start":{"line":49,"column":11},"end":{"line":57,"column":7}},{"start":{"line":49,"column":11},"end":{"line":57,"column":7}}],"line":49},"6":{"loc":{"start":{"line":52,"column":11},"end":{"line":57,"column":7}},"type":"if","locations":[{"start":{"line":52,"column":11},"end":{"line":57,"column":7}},{"start":{"line":52,"column":11},"end":{"line":57,"column":7}}],"line":52},"7":{"loc":{"start":{"line":74,"column":8},"end":{"line":76,"column":9}},"type":"if","locations":[{"start":{"line":74,"column":8},"end":{"line":76,"column":9}},{"start":{"line":74,"column":8},"end":{"line":76,"column":9}}],"line":74},"8":{"loc":{"start":{"line":87,"column":23},"end":{"line":87,"column":39}},"type":"cond-expr","locations":[{"start":{"line":87,"column":30},"end":{"line":87,"column":34}},{"start":{"line":87,"column":37},"end":{"line":87,"column":39}}],"line":87}},"s":{"0":2,"1":2,"2":0,"3":2,"4":2,"5":2,"6":2,"7":2,"8":2,"9":2,"10":2,"11":2,"12":2,"13":2,"14":2,"15":2,"16":2,"17":0,"18":2,"19":0,"20":0,"21":0,"22":0,"23":2,"24":0,"25":2,"26":0,"27":2,"28":0,"29":2,"30":0,"31":2,"32":0,"33":2,"34":2,"35":0,"36":0,"37":2,"38":2,"39":0,"40":0,"41":0,"42":2,"43":1,"44":0,"45":1,"46":0,"47":0},"f":{"0":2,"1":2,"2":0,"3":2,"4":0,"5":0,"6":2,"7":0,"8":0,"9":0,"10":0},"b":{"0":[0,2],"1":[0,2],"2":[0,2],"3":[0,2],"4":[0,2],"5":[0,2],"6":[0,2],"7":[0,0],"8":[0,0]},"_coverageSchema":"332fd63041d2c1bcb487cc26dd0d5f7d97098a6c","hash":"cfef2be5b91a2498a1b1c41c3fc15a95eae79dde"}
,"/Users/limingkang/Documents/Full_Stack_Project/Instagraph/frontend/util/session_api_util.js": {"path":"/Users/limingkang/Documents/Full_Stack_Project/Instagraph/frontend/util/session_api_util.js","statementMap":{"0":{"start":{"line":1,"column":21},"end":{"line":9,"column":1}},"1":{"start":{"line":2,"column":2},"end":{"line":8,"column":5}},"2":{"start":{"line":12,"column":22},"end":{"line":20,"column":1}},"3":{"start":{"line":13,"column":2},"end":{"line":19,"column":5}},"4":{"start":{"line":23,"column":22},"end":{"line":28,"column":1}},"5":{"start":{"line":24,"column":2},"end":{"line":27,"column":5}}},"fnMap":{"0":{"name":"(anonymous_0)","decl":{"start":{"line":1,"column":21},"end":{"line":1,"column":22}},"loc":{"start":{"line":1,"column":29},"end":{"line":9,"column":1}},"line":1},"1":{"name":"(anonymous_1)","decl":{"start":{"line":12,"column":22},"end":{"line":12,"column":23}},"loc":{"start":{"line":12,"column":30},"end":{"line":20,"column":1}},"line":12},"2":{"name":"(anonymous_2)","decl":{"start":{"line":23,"column":22},"end":{"line":23,"column":23}},"loc":{"start":{"line":23,"column":28},"end":{"line":28,"column":1}},"line":23}},"branchMap":{},"s":{"0":2,"1":0,"2":2,"3":0,"4":2,"5":0},"f":{"0":0,"1":0,"2":0},"b":{},"_coverageSchema":"332fd63041d2c1bcb487cc26dd0d5f7d97098a6c","hash":"6dc13fe65e1796c5ea270f0d833771f0b1a56a4c"}
,"/Users/limingkang/Documents/Full_Stack_Project/Instagraph/frontend/util/user_api_util.js": {"path":"/Users/limingkang/Documents/Full_Stack_Project/Instagraph/frontend/util/user_api_util.js","statementMap":{"0":{"start":{"line":1,"column":26},"end":{"line":6,"column":1}},"1":{"start":{"line":2,"column":2},"end":{"line":5,"column":5}},"2":{"start":{"line":11,"column":25},"end":{"line":16,"column":1}},"3":{"start":{"line":12,"column":2},"end":{"line":15,"column":5}},"4":{"start":{"line":18,"column":26},"end":{"line":26,"column":1}},"5":{"start":{"line":19,"column":2},"end":{"line":25,"column":5}},"6":{"start":{"line":29,"column":27},"end":{"line":37,"column":1}},"7":{"start":{"line":30,"column":2},"end":{"line":36,"column":5}},"8":{"start":{"line":40,"column":32},"end":{"line":48,"column":1}},"9":{"start":{"line":41,"column":2},"end":{"line":47,"column":5}}},"fnMap":{"0":{"name":"(anonymous_0)","decl":{"start":{"line":1,"column":26},"end":{"line":1,"column":27}},"loc":{"start":{"line":1,"column":32},"end":{"line":6,"column":1}},"line":1},"1":{"name":"(anonymous_1)","decl":{"start":{"line":11,"column":25},"end":{"line":11,"column":26}},"loc":{"start":{"line":11,"column":33},"end":{"line":16,"column":1}},"line":11},"2":{"name":"(anonymous_2)","decl":{"start":{"line":18,"column":26},"end":{"line":18,"column":27}},"loc":{"start":{"line":18,"column":36},"end":{"line":26,"column":1}},"line":18},"3":{"name":"(anonymous_3)","decl":{"start":{"line":29,"column":27},"end":{"line":29,"column":28}},"loc":{"start":{"line":29,"column":38},"end":{"line":37,"column":1}},"line":29},"4":{"name":"(anonymous_4)","decl":{"start":{"line":40,"column":32},"end":{"line":40,"column":33}},"loc":{"start":{"line":40,"column":44},"end":{"line":48,"column":1}},"line":40}},"branchMap":{},"s":{"0":1,"1":0,"2":1,"3":0,"4":1,"5":0,"6":1,"7":0,"8":1,"9":0},"f":{"0":0,"1":0,"2":0,"3":0,"4":0},"b":{},"_coverageSchema":"332fd63041d2c1bcb487cc26dd0d5f7d97098a6c","hash":"600c774ae5c958bcb9dd3556caac4e440e86d90b"}
}
