{"/Users/limingkang/Documents/Full_Stack_Project/Instagraph/frontend/actions/comment_actions.js": {"path":"/Users/limingkang/Documents/Full_Stack_Project/Instagraph/frontend/actions/comment_actions.js","statementMap":{"0":{"start":{"line":3,"column":31},"end":{"line":3,"column":48}},"1":{"start":{"line":4,"column":30},"end":{"line":4,"column":46}},"2":{"start":{"line":5,"column":38},"end":{"line":5,"column":62}},"3":{"start":{"line":7,"column":30},"end":{"line":12,"column":1}},"4":{"start":{"line":8,"column":2},"end":{"line":11,"column":4}},"5":{"start":{"line":16,"column":29},"end":{"line":21,"column":1}},"6":{"start":{"line":17,"column":2},"end":{"line":20,"column":4}},"7":{"start":{"line":24,"column":29},"end":{"line":34,"column":1}},"8":{"start":{"line":25,"column":2},"end":{"line":33,"column":4}},"9":{"start":{"line":26,"column":4},"end":{"line":32,"column":4}},"10":{"start":{"line":27,"column":6},"end":{"line":27,"column":47}},"11":{"start":{"line":30,"column":6},"end":{"line":30,"column":84}},"12":{"start":{"line":37,"column":29},"end":{"line":47,"column":1}},"13":{"start":{"line":38,"column":2},"end":{"line":46,"column":4}},"14":{"start":{"line":39,"column":4},"end":{"line":45,"column":4}},"15":{"start":{"line":40,"column":6},"end":{"line":40,"column":46}},"16":{"start":{"line":43,"column":6},"end":{"line":43,"column":84}}},"fnMap":{"0":{"name":"(anonymous_0)","decl":{"start":{"line":7,"column":30},"end":{"line":7,"column":31}},"loc":{"start":{"line":7,"column":43},"end":{"line":12,"column":1}},"line":7},"1":{"name":"(anonymous_1)","decl":{"start":{"line":16,"column":29},"end":{"line":16,"column":30}},"loc":{"start":{"line":16,"column":42},"end":{"line":21,"column":1}},"line":16},"2":{"name":"(anonymous_2)","decl":{"start":{"line":24,"column":29},"end":{"line":24,"column":30}},"loc":{"start":{"line":24,"column":42},"end":{"line":34,"column":1}},"line":24},"3":{"name":"(anonymous_3)","decl":{"start":{"line":25,"column":9},"end":{"line":25,"column":10}},"loc":{"start":{"line":25,"column":23},"end":{"line":33,"column":3}},"line":25},"4":{"name":"(anonymous_4)","decl":{"start":{"line":26,"column":54},"end":{"line":26,"column":55}},"loc":{"start":{"line":26,"column":67},"end":{"line":28,"column":5}},"line":26},"5":{"name":"(anonymous_5)","decl":{"start":{"line":29,"column":4},"end":{"line":29,"column":5}},"loc":{"start":{"line":29,"column":14},"end":{"line":31,"column":5}},"line":29},"6":{"name":"(anonymous_6)","decl":{"start":{"line":37,"column":29},"end":{"line":37,"column":30}},"loc":{"start":{"line":37,"column":37},"end":{"line":47,"column":1}},"line":37},"7":{"name":"(anonymous_7)","decl":{"start":{"line":38,"column":9},"end":{"line":38,"column":10}},"loc":{"start":{"line":38,"column":23},"end":{"line":46,"column":3}},"line":38},"8":{"name":"(anonymous_8)","decl":{"start":{"line":39,"column":50},"end":{"line":39,"column":51}},"loc":{"start":{"line":39,"column":61},"end":{"line":41,"column":5}},"line":39},"9":{"name":"(anonymous_9)","decl":{"start":{"line":42,"column":4},"end":{"line":42,"column":5}},"loc":{"start":{"line":42,"column":14},"end":{"line":44,"column":5}},"line":42}},"branchMap":{},"s":{"0":2,"1":2,"2":2,"3":2,"4":0,"5":2,"6":0,"7":2,"8":0,"9":0,"10":0,"11":0,"12":2,"13":0,"14":0,"15":0,"16":0},"f":{"0":0,"1":0,"2":0,"3":0,"4":0,"5":0,"6":0,"7":0,"8":0,"9":0},"b":{},"_coverageSchema":"332fd63041d2c1bcb487cc26dd0d5f7d97098a6c","hash":"06ccb9e0fe4f73e7289ba37e2f64db3dcfce4a49"}
,"/Users/limingkang/Documents/Full_Stack_Project/Instagraph/frontend/actions/like_actions.js": {"path":"/Users/limingkang/Documents/Full_Stack_Project/Instagraph/frontend/actions/like_actions.js","statementMap":{"0":{"start":{"line":4,"column":28},"end":{"line":4,"column":42}},"1":{"start":{"line":5,"column":27},"end":{"line":5,"column":40}},"2":{"start":{"line":7,"column":27},"end":{"line":12,"column":1}},"3":{"start":{"line":8,"column":2},"end":{"line":11,"column":4}},"4":{"start":{"line":14,"column":26},"end":{"line":19,"column":1}},"5":{"start":{"line":15,"column":2},"end":{"line":18,"column":4}},"6":{"start":{"line":21,"column":26},"end":{"line":27,"column":1}},"7":{"start":{"line":22,"column":2},"end":{"line":26,"column":4}},"8":{"start":{"line":23,"column":4},"end":{"line":25,"column":7}},"9":{"start":{"line":24,"column":6},"end":{"line":24,"column":41}},"10":{"start":{"line":29,"column":26},"end":{"line":35,"column":1}},"11":{"start":{"line":30,"column":2},"end":{"line":34,"column":4}},"12":{"start":{"line":31,"column":4},"end":{"line":33,"column":7}},"13":{"start":{"line":32,"column":6},"end":{"line":32,"column":40}}},"fnMap":{"0":{"name":"(anonymous_0)","decl":{"start":{"line":7,"column":27},"end":{"line":7,"column":28}},"loc":{"start":{"line":7,"column":37},"end":{"line":12,"column":1}},"line":7},"1":{"name":"(anonymous_1)","decl":{"start":{"line":14,"column":26},"end":{"line":14,"column":27}},"loc":{"start":{"line":14,"column":36},"end":{"line":19,"column":1}},"line":14},"2":{"name":"(anonymous_2)","decl":{"start":{"line":21,"column":26},"end":{"line":21,"column":27}},"loc":{"start":{"line":21,"column":39},"end":{"line":27,"column":1}},"line":21},"3":{"name":"(anonymous_3)","decl":{"start":{"line":22,"column":9},"end":{"line":22,"column":10}},"loc":{"start":{"line":22,"column":23},"end":{"line":26,"column":3}},"line":22},"4":{"name":"(anonymous_4)","decl":{"start":{"line":23,"column":48},"end":{"line":23,"column":49}},"loc":{"start":{"line":23,"column":56},"end":{"line":25,"column":5}},"line":23},"5":{"name":"(anonymous_5)","decl":{"start":{"line":29,"column":26},"end":{"line":29,"column":27}},"loc":{"start":{"line":29,"column":39},"end":{"line":35,"column":1}},"line":29},"6":{"name":"(anonymous_6)","decl":{"start":{"line":30,"column":9},"end":{"line":30,"column":10}},"loc":{"start":{"line":30,"column":23},"end":{"line":34,"column":3}},"line":30},"7":{"name":"(anonymous_7)","decl":{"start":{"line":31,"column":49},"end":{"line":31,"column":50}},"loc":{"start":{"line":31,"column":57},"end":{"line":33,"column":5}},"line":31}},"branchMap":{},"s":{"0":2,"1":2,"2":2,"3":0,"4":2,"5":0,"6":2,"7":0,"8":0,"9":0,"10":2,"11":0,"12":0,"13":0},"f":{"0":0,"1":0,"2":0,"3":0,"4":0,"5":0,"6":0,"7":0},"b":{},"_coverageSchema":"332fd63041d2c1bcb487cc26dd0d5f7d97098a6c","hash":"288a6a63f247d308f74cb2ca237ca006debdf639"}
,"/Users/limingkang/Documents/Full_Stack_Project/Instagraph/frontend/actions/modal_actions.js": {"path":"/Users/limingkang/Documents/Full_Stack_Project/Instagraph/frontend/actions/modal_actions.js","statementMap":{"0":{"start":{"line":1,"column":34},"end":{"line":1,"column":54}},"1":{"start":{"line":2,"column":35},"end":{"line":2,"column":56}},"2":{"start":{"line":3,"column":37},"end":{"line":3,"column":60}},"3":{"start":{"line":4,"column":38},"end":{"line":4,"column":62}},"4":{"start":{"line":5,"column":37},"end":{"line":5,"column":60}},"5":{"start":{"line":6,"column":38},"end":{"line":6,"column":62}},"6":{"start":{"line":7,"column":37},"end":{"line":7,"column":60}},"7":{"start":{"line":8,"column":38},"end":{"line":8,"column":62}},"8":{"start":{"line":9,"column":34},"end":{"line":9,"column":54}},"9":{"start":{"line":10,"column":35},"end":{"line":10,"column":56}},"10":{"start":{"line":11,"column":31},"end":{"line":11,"column":48}},"11":{"start":{"line":13,"column":36},"end":{"line":17,"column":1}},"12":{"start":{"line":14,"column":2},"end":{"line":16,"column":4}},"13":{"start":{"line":20,"column":32},"end":{"line":24,"column":1}},"14":{"start":{"line":21,"column":2},"end":{"line":23,"column":4}},"15":{"start":{"line":25,"column":33},"end":{"line":29,"column":1}},"16":{"start":{"line":26,"column":2},"end":{"line":28,"column":4}},"17":{"start":{"line":31,"column":35},"end":{"line":36,"column":1}},"18":{"start":{"line":32,"column":2},"end":{"line":35,"column":4}},"19":{"start":{"line":38,"column":36},"end":{"line":42,"column":1}},"20":{"start":{"line":39,"column":2},"end":{"line":41,"column":4}},"21":{"start":{"line":44,"column":32},"end":{"line":48,"column":1}},"22":{"start":{"line":45,"column":2},"end":{"line":47,"column":4}},"23":{"start":{"line":50,"column":33},"end":{"line":54,"column":1}},"24":{"start":{"line":51,"column":2},"end":{"line":53,"column":4}},"25":{"start":{"line":55,"column":35},"end":{"line":59,"column":1}},"26":{"start":{"line":56,"column":2},"end":{"line":58,"column":4}},"27":{"start":{"line":60,"column":36},"end":{"line":64,"column":1}},"28":{"start":{"line":61,"column":2},"end":{"line":63,"column":4}},"29":{"start":{"line":66,"column":35},"end":{"line":70,"column":1}},"30":{"start":{"line":67,"column":2},"end":{"line":69,"column":4}},"31":{"start":{"line":71,"column":36},"end":{"line":75,"column":1}},"32":{"start":{"line":72,"column":2},"end":{"line":74,"column":4}}},"fnMap":{"0":{"name":"(anonymous_0)","decl":{"start":{"line":13,"column":36},"end":{"line":13,"column":37}},"loc":{"start":{"line":13,"column":42},"end":{"line":17,"column":1}},"line":13},"1":{"name":"(anonymous_1)","decl":{"start":{"line":20,"column":32},"end":{"line":20,"column":33}},"loc":{"start":{"line":20,"column":38},"end":{"line":24,"column":1}},"line":20},"2":{"name":"(anonymous_2)","decl":{"start":{"line":25,"column":33},"end":{"line":25,"column":34}},"loc":{"start":{"line":25,"column":39},"end":{"line":29,"column":1}},"line":25},"3":{"name":"(anonymous_3)","decl":{"start":{"line":31,"column":35},"end":{"line":31,"column":36}},"loc":{"start":{"line":31,"column":45},"end":{"line":36,"column":1}},"line":31},"4":{"name":"(anonymous_4)","decl":{"start":{"line":38,"column":36},"end":{"line":38,"column":37}},"loc":{"start":{"line":38,"column":42},"end":{"line":42,"column":1}},"line":38},"5":{"name":"(anonymous_5)","decl":{"start":{"line":44,"column":32},"end":{"line":44,"column":33}},"loc":{"start":{"line":44,"column":38},"end":{"line":48,"column":1}},"line":44},"6":{"name":"(anonymous_6)","decl":{"start":{"line":50,"column":33},"end":{"line":50,"column":34}},"loc":{"start":{"line":50,"column":39},"end":{"line":54,"column":1}},"line":50},"7":{"name":"(anonymous_7)","decl":{"start":{"line":55,"column":35},"end":{"line":55,"column":36}},"loc":{"start":{"line":55,"column":41},"end":{"line":59,"column":1}},"line":55},"8":{"name":"(anonymous_8)","decl":{"start":{"line":60,"column":36},"end":{"line":60,"column":37}},"loc":{"start":{"line":60,"column":42},"end":{"line":64,"column":1}},"line":60},"9":{"name":"(anonymous_9)","decl":{"start":{"line":66,"column":35},"end":{"line":66,"column":36}},"loc":{"start":{"line":66,"column":41},"end":{"line":70,"column":1}},"line":66},"10":{"name":"(anonymous_10)","decl":{"start":{"line":71,"column":36},"end":{"line":71,"column":37}},"loc":{"start":{"line":71,"column":42},"end":{"line":75,"column":1}},"line":71}},"branchMap":{},"s":{"0":2,"1":2,"2":2,"3":2,"4":2,"5":2,"6":2,"7":2,"8":2,"9":2,"10":2,"11":2,"12":0,"13":2,"14":0,"15":2,"16":0,"17":2,"18":0,"19":2,"20":0,"21":2,"22":0,"23":2,"24":0,"25":2,"26":0,"27":2,"28":0,"29":2,"30":0,"31":2,"32":0},"f":{"0":0,"1":0,"2":0,"3":0,"4":0,"5":0,"6":0,"7":0,"8":0,"9":0,"10":0},"b":{},"_coverageSchema":"332fd63041d2c1bcb487cc26dd0d5f7d97098a6c","hash":"4d870e7a9f05c2d406a9f1b05a955e6551ce7ac5"}
,"/Users/limingkang/Documents/Full_Stack_Project/Instagraph/frontend/actions/post_actions.js": {"path":"/Users/limingkang/Documents/Full_Stack_Project/Instagraph/frontend/actions/post_actions.js","statementMap":{"0":{"start":{"line":3,"column":29},"end":{"line":3,"column":44}},"1":{"start":{"line":4,"column":28},"end":{"line":4,"column":42}},"2":{"start":{"line":5,"column":27},"end":{"line":5,"column":40}},"3":{"start":{"line":6,"column":35},"end":{"line":6,"column":56}},"4":{"start":{"line":9,"column":28},"end":{"line":15,"column":1}},"5":{"start":{"line":10,"column":2},"end":{"line":14,"column":4}},"6":{"start":{"line":19,"column":27},"end":{"line":24,"column":1}},"7":{"start":{"line":20,"column":2},"end":{"line":23,"column":4}},"8":{"start":{"line":26,"column":26},"end":{"line":31,"column":1}},"9":{"start":{"line":27,"column":2},"end":{"line":30,"column":4}},"10":{"start":{"line":33,"column":26},"end":{"line":43,"column":1}},"11":{"start":{"line":34,"column":2},"end":{"line":42,"column":4}},"12":{"start":{"line":35,"column":4},"end":{"line":41,"column":4}},"13":{"start":{"line":36,"column":6},"end":{"line":36,"column":43}},"14":{"start":{"line":39,"column":6},"end":{"line":39,"column":81}},"15":{"start":{"line":45,"column":25},"end":{"line":55,"column":1}},"16":{"start":{"line":46,"column":2},"end":{"line":54,"column":4}},"17":{"start":{"line":47,"column":4},"end":{"line":53,"column":4}},"18":{"start":{"line":48,"column":6},"end":{"line":48,"column":41}},"19":{"start":{"line":51,"column":6},"end":{"line":51,"column":81}},"20":{"start":{"line":57,"column":26},"end":{"line":67,"column":1}},"21":{"start":{"line":58,"column":2},"end":{"line":66,"column":4}},"22":{"start":{"line":59,"column":4},"end":{"line":65,"column":4}},"23":{"start":{"line":60,"column":6},"end":{"line":60,"column":41}},"24":{"start":{"line":63,"column":6},"end":{"line":63,"column":81}},"25":{"start":{"line":70,"column":26},"end":{"line":80,"column":1}},"26":{"start":{"line":71,"column":2},"end":{"line":79,"column":4}},"27":{"start":{"line":72,"column":4},"end":{"line":78,"column":4}},"28":{"start":{"line":73,"column":6},"end":{"line":73,"column":40}},"29":{"start":{"line":76,"column":6},"end":{"line":76,"column":81}}},"fnMap":{"0":{"name":"(anonymous_0)","decl":{"start":{"line":9,"column":28},"end":{"line":9,"column":29}},"loc":{"start":{"line":9,"column":48},"end":{"line":15,"column":1}},"line":9},"1":{"name":"(anonymous_1)","decl":{"start":{"line":19,"column":27},"end":{"line":19,"column":28}},"loc":{"start":{"line":19,"column":37},"end":{"line":24,"column":1}},"line":19},"2":{"name":"(anonymous_2)","decl":{"start":{"line":26,"column":26},"end":{"line":26,"column":27}},"loc":{"start":{"line":26,"column":36},"end":{"line":31,"column":1}},"line":26},"3":{"name":"(anonymous_3)","decl":{"start":{"line":33,"column":26},"end":{"line":33,"column":27}},"loc":{"start":{"line":33,"column":32},"end":{"line":43,"column":1}},"line":33},"4":{"name":"(anonymous_4)","decl":{"start":{"line":34,"column":9},"end":{"line":34,"column":10}},"loc":{"start":{"line":34,"column":23},"end":{"line":42,"column":3}},"line":34},"5":{"name":"(anonymous_5)","decl":{"start":{"line":35,"column":41},"end":{"line":35,"column":42}},"loc":{"start":{"line":35,"column":50},"end":{"line":37,"column":5}},"line":35},"6":{"name":"(anonymous_6)","decl":{"start":{"line":38,"column":4},"end":{"line":38,"column":5}},"loc":{"start":{"line":38,"column":14},"end":{"line":40,"column":5}},"line":38},"7":{"name":"(anonymous_7)","decl":{"start":{"line":45,"column":25},"end":{"line":45,"column":26}},"loc":{"start":{"line":45,"column":33},"end":{"line":55,"column":1}},"line":45},"8":{"name":"(anonymous_8)","decl":{"start":{"line":46,"column":9},"end":{"line":46,"column":10}},"loc":{"start":{"line":46,"column":23},"end":{"line":54,"column":3}},"line":46},"9":{"name":"(anonymous_9)","decl":{"start":{"line":47,"column":42},"end":{"line":47,"column":43}},"loc":{"start":{"line":47,"column":50},"end":{"line":49,"column":5}},"line":47},"10":{"name":"(anonymous_10)","decl":{"start":{"line":50,"column":4},"end":{"line":50,"column":5}},"loc":{"start":{"line":50,"column":14},"end":{"line":52,"column":5}},"line":50},"11":{"name":"(anonymous_11)","decl":{"start":{"line":57,"column":26},"end":{"line":57,"column":27}},"loc":{"start":{"line":57,"column":36},"end":{"line":67,"column":1}},"line":57},"12":{"name":"(anonymous_12)","decl":{"start":{"line":58,"column":9},"end":{"line":58,"column":10}},"loc":{"start":{"line":58,"column":23},"end":{"line":66,"column":3}},"line":58},"13":{"name":"(anonymous_13)","decl":{"start":{"line":59,"column":45},"end":{"line":59,"column":46}},"loc":{"start":{"line":59,"column":53},"end":{"line":61,"column":5}},"line":59},"14":{"name":"(anonymous_14)","decl":{"start":{"line":62,"column":4},"end":{"line":62,"column":5}},"loc":{"start":{"line":62,"column":14},"end":{"line":64,"column":5}},"line":62},"15":{"name":"(anonymous_15)","decl":{"start":{"line":70,"column":26},"end":{"line":70,"column":27}},"loc":{"start":{"line":70,"column":34},"end":{"line":80,"column":1}},"line":70},"16":{"name":"(anonymous_16)","decl":{"start":{"line":71,"column":9},"end":{"line":71,"column":10}},"loc":{"start":{"line":71,"column":23},"end":{"line":79,"column":3}},"line":71},"17":{"name":"(anonymous_17)","decl":{"start":{"line":72,"column":43},"end":{"line":72,"column":44}},"loc":{"start":{"line":72,"column":53},"end":{"line":74,"column":5}},"line":72},"18":{"name":"(anonymous_18)","decl":{"start":{"line":75,"column":4},"end":{"line":75,"column":5}},"loc":{"start":{"line":75,"column":14},"end":{"line":77,"column":5}},"line":75}},"branchMap":{},"s":{"0":2,"1":2,"2":2,"3":2,"4":2,"5":0,"6":2,"7":0,"8":2,"9":0,"10":2,"11":0,"12":0,"13":0,"14":0,"15":2,"16":0,"17":0,"18":0,"19":0,"20":2,"21":0,"22":0,"23":0,"24":0,"25":2,"26":0,"27":0,"28":0,"29":0},"f":{"0":0,"1":0,"2":0,"3":0,"4":0,"5":0,"6":0,"7":0,"8":0,"9":0,"10":0,"11":0,"12":0,"13":0,"14":0,"15":0,"16":0,"17":0,"18":0},"b":{},"_coverageSchema":"332fd63041d2c1bcb487cc26dd0d5f7d97098a6c","hash":"83b0f3462fcac18983e3bacab040791cfc9e0562"}
,"/Users/limingkang/Documents/Full_Stack_Project/Instagraph/frontend/actions/session_actions.js": {"path":"/Users/limingkang/Documents/Full_Stack_Project/Instagraph/frontend/actions/session_actions.js","statementMap":{"0":{"start":{"line":2,"column":36},"end":{"line":2,"column":58}},"1":{"start":{"line":3,"column":35},"end":{"line":3,"column":56}},"2":{"start":{"line":4,"column":38},"end":{"line":4,"column":54}},"3":{"start":{"line":6,"column":21},"end":{"line":16,"column":1}},"4":{"start":{"line":7,"column":2},"end":{"line":15,"column":4}},"5":{"start":{"line":8,"column":4},"end":{"line":14,"column":4}},"6":{"start":{"line":9,"column":7},"end":{"line":9,"column":65}},"7":{"start":{"line":12,"column":7},"end":{"line":12,"column":84}},"8":{"start":{"line":18,"column":22},"end":{"line":28,"column":1}},"9":{"start":{"line":19,"column":2},"end":{"line":27,"column":4}},"10":{"start":{"line":20,"column":4},"end":{"line":26,"column":4}},"11":{"start":{"line":21,"column":6},"end":{"line":21,"column":64}},"12":{"start":{"line":24,"column":6},"end":{"line":24,"column":83}},"13":{"start":{"line":31,"column":22},"end":{"line":41,"column":1}},"14":{"start":{"line":32,"column":2},"end":{"line":40,"column":4}},"15":{"start":{"line":33,"column":4},"end":{"line":39,"column":4}},"16":{"start":{"line":34,"column":6},"end":{"line":34,"column":51}},"17":{"start":{"line":37,"column":6},"end":{"line":37,"column":83}}},"fnMap":{"0":{"name":"(anonymous_0)","decl":{"start":{"line":6,"column":21},"end":{"line":6,"column":22}},"loc":{"start":{"line":6,"column":29},"end":{"line":16,"column":1}},"line":6},"1":{"name":"(anonymous_1)","decl":{"start":{"line":7,"column":9},"end":{"line":7,"column":10}},"loc":{"start":{"line":7,"column":21},"end":{"line":15,"column":3}},"line":7},"2":{"name":"(anonymous_2)","decl":{"start":{"line":8,"column":36},"end":{"line":8,"column":37}},"loc":{"start":{"line":8,"column":44},"end":{"line":10,"column":5}},"line":8},"3":{"name":"(anonymous_3)","decl":{"start":{"line":11,"column":4},"end":{"line":11,"column":5}},"loc":{"start":{"line":11,"column":14},"end":{"line":13,"column":5}},"line":11},"4":{"name":"(anonymous_4)","decl":{"start":{"line":18,"column":22},"end":{"line":18,"column":23}},"loc":{"start":{"line":18,"column":30},"end":{"line":28,"column":1}},"line":18},"5":{"name":"(anonymous_5)","decl":{"start":{"line":19,"column":9},"end":{"line":19,"column":10}},"loc":{"start":{"line":19,"column":21},"end":{"line":27,"column":3}},"line":19},"6":{"name":"(anonymous_6)","decl":{"start":{"line":20,"column":37},"end":{"line":20,"column":38}},"loc":{"start":{"line":20,"column":45},"end":{"line":22,"column":5}},"line":20},"7":{"name":"(anonymous_7)","decl":{"start":{"line":23,"column":4},"end":{"line":23,"column":5}},"loc":{"start":{"line":23,"column":14},"end":{"line":25,"column":5}},"line":23},"8":{"name":"(anonymous_8)","decl":{"start":{"line":31,"column":22},"end":{"line":31,"column":23}},"loc":{"start":{"line":31,"column":28},"end":{"line":41,"column":1}},"line":31},"9":{"name":"(anonymous_9)","decl":{"start":{"line":32,"column":9},"end":{"line":32,"column":10}},"loc":{"start":{"line":32,"column":21},"end":{"line":40,"column":3}},"line":32},"10":{"name":"(anonymous_10)","decl":{"start":{"line":33,"column":33},"end":{"line":33,"column":34}},"loc":{"start":{"line":33,"column":39},"end":{"line":35,"column":5}},"line":33},"11":{"name":"(anonymous_11)","decl":{"start":{"line":36,"column":4},"end":{"line":36,"column":5}},"loc":{"start":{"line":36,"column":14},"end":{"line":38,"column":5}},"line":36}},"branchMap":{},"s":{"0":1,"1":1,"2":1,"3":1,"4":0,"5":0,"6":0,"7":0,"8":1,"9":0,"10":0,"11":0,"12":0,"13":1,"14":0,"15":0,"16":0,"17":0},"f":{"0":0,"1":0,"2":0,"3":0,"4":0,"5":0,"6":0,"7":0,"8":0,"9":0,"10":0,"11":0},"b":{},"_coverageSchema":"332fd63041d2c1bcb487cc26dd0d5f7d97098a6c","hash":"1da60f321811825d243540c71f16cc436e977dc5"}
,"/Users/limingkang/Documents/Full_Stack_Project/Instagraph/frontend/actions/user_actions.js": {"path":"/Users/limingkang/Documents/Full_Stack_Project/Instagraph/frontend/actions/user_actions.js","statementMap":{"0":{"start":{"line":3,"column":28},"end":{"line":3,"column":42}},"1":{"start":{"line":4,"column":29},"end":{"line":4,"column":44}},"2":{"start":{"line":5,"column":28},"end":{"line":5,"column":42}},"3":{"start":{"line":6,"column":28},"end":{"line":6,"column":42}},"4":{"start":{"line":8,"column":26},"end":{"line":14,"column":1}},"5":{"start":{"line":9,"column":2},"end":{"line":13,"column":4}},"6":{"start":{"line":10,"column":4},"end":{"line":12,"column":7}},"7":{"start":{"line":11,"column":8},"end":{"line":11,"column":61}},"8":{"start":{"line":15,"column":25},"end":{"line":21,"column":1}},"9":{"start":{"line":16,"column":2},"end":{"line":20,"column":4}},"10":{"start":{"line":17,"column":4},"end":{"line":19,"column":7}},"11":{"start":{"line":18,"column":8},"end":{"line":18,"column":58}},"12":{"start":{"line":24,"column":26},"end":{"line":30,"column":1}},"13":{"start":{"line":25,"column":2},"end":{"line":29,"column":4}},"14":{"start":{"line":26,"column":4},"end":{"line":28,"column":7}},"15":{"start":{"line":27,"column":6},"end":{"line":27,"column":56}},"16":{"start":{"line":32,"column":27},"end":{"line":38,"column":1}},"17":{"start":{"line":33,"column":2},"end":{"line":37,"column":4}},"18":{"start":{"line":34,"column":4},"end":{"line":36,"column":7}},"19":{"start":{"line":35,"column":6},"end":{"line":35,"column":64}},"20":{"start":{"line":40,"column":32},"end":{"line":46,"column":1}},"21":{"start":{"line":41,"column":2},"end":{"line":45,"column":4}},"22":{"start":{"line":42,"column":4},"end":{"line":44,"column":7}},"23":{"start":{"line":43,"column":6},"end":{"line":43,"column":64}},"24":{"start":{"line":49,"column":28},"end":{"line":51,"column":1}},"25":{"start":{"line":50,"column":2},"end":{"line":50,"column":40}}},"fnMap":{"0":{"name":"(anonymous_0)","decl":{"start":{"line":8,"column":26},"end":{"line":8,"column":27}},"loc":{"start":{"line":8,"column":32},"end":{"line":14,"column":1}},"line":8},"1":{"name":"(anonymous_1)","decl":{"start":{"line":9,"column":9},"end":{"line":9,"column":10}},"loc":{"start":{"line":9,"column":23},"end":{"line":13,"column":3}},"line":9},"2":{"name":"(anonymous_2)","decl":{"start":{"line":10,"column":41},"end":{"line":10,"column":42}},"loc":{"start":{"line":10,"column":50},"end":{"line":12,"column":5}},"line":10},"3":{"name":"(anonymous_3)","decl":{"start":{"line":15,"column":25},"end":{"line":15,"column":26}},"loc":{"start":{"line":15,"column":33},"end":{"line":21,"column":1}},"line":15},"4":{"name":"(anonymous_4)","decl":{"start":{"line":16,"column":9},"end":{"line":16,"column":10}},"loc":{"start":{"line":16,"column":23},"end":{"line":20,"column":3}},"line":16},"5":{"name":"(anonymous_5)","decl":{"start":{"line":17,"column":42},"end":{"line":17,"column":43}},"loc":{"start":{"line":17,"column":50},"end":{"line":19,"column":5}},"line":17},"6":{"name":"(anonymous_6)","decl":{"start":{"line":24,"column":26},"end":{"line":24,"column":27}},"loc":{"start":{"line":24,"column":36},"end":{"line":30,"column":1}},"line":24},"7":{"name":"(anonymous_7)","decl":{"start":{"line":25,"column":9},"end":{"line":25,"column":10}},"loc":{"start":{"line":25,"column":23},"end":{"line":29,"column":3}},"line":25},"8":{"name":"(anonymous_8)","decl":{"start":{"line":26,"column":45},"end":{"line":26,"column":46}},"loc":{"start":{"line":26,"column":53},"end":{"line":28,"column":5}},"line":26},"9":{"name":"(anonymous_9)","decl":{"start":{"line":32,"column":27},"end":{"line":32,"column":28}},"loc":{"start":{"line":32,"column":38},"end":{"line":38,"column":1}},"line":32},"10":{"name":"(anonymous_10)","decl":{"start":{"line":33,"column":9},"end":{"line":33,"column":10}},"loc":{"start":{"line":33,"column":23},"end":{"line":37,"column":3}},"line":33},"11":{"name":"(anonymous_11)","decl":{"start":{"line":34,"column":47},"end":{"line":34,"column":48}},"loc":{"start":{"line":34,"column":59},"end":{"line":36,"column":5}},"line":34},"12":{"name":"(anonymous_12)","decl":{"start":{"line":40,"column":32},"end":{"line":40,"column":33}},"loc":{"start":{"line":40,"column":41},"end":{"line":46,"column":1}},"line":40},"13":{"name":"(anonymous_13)","decl":{"start":{"line":41,"column":9},"end":{"line":41,"column":10}},"loc":{"start":{"line":41,"column":23},"end":{"line":45,"column":3}},"line":41},"14":{"name":"(anonymous_14)","decl":{"start":{"line":42,"column":50},"end":{"line":42,"column":51}},"loc":{"start":{"line":42,"column":62},"end":{"line":44,"column":5}},"line":42},"15":{"name":"(anonymous_15)","decl":{"start":{"line":49,"column":28},"end":{"line":49,"column":29}},"loc":{"start":{"line":49,"column":34},"end":{"line":51,"column":1}},"line":49}},"branchMap":{},"s":{"0":2,"1":2,"2":2,"3":2,"4":2,"5":0,"6":0,"7":0,"8":2,"9":0,"10":0,"11":0,"12":2,"13":0,"14":0,"15":0,"16":2,"17":0,"18":0,"19":0,"20":2,"21":0,"22":0,"23":0,"24":2,"25":0},"f":{"0":0,"1":0,"2":0,"3":0,"4":0,"5":0,"6":0,"7":0,"8":0,"9":0,"10":0,"11":0,"12":0,"13":0,"14":0,"15":0},"b":{},"_coverageSchema":"332fd63041d2c1bcb487cc26dd0d5f7d97098a6c","hash":"bae0b479f92272045918804c068bbd0852944407"}
,"/Users/limingkang/Documents/Full_Stack_Project/Instagraph/frontend/components/greeting/greeting.jsx": {"path":"/Users/limingkang/Documents/Full_Stack_Project/Instagraph/frontend/components/greeting/greeting.jsx","statementMap":{"0":{"start":{"line":7,"column":4},"end":{"line":7,"column":17}},"1":{"start":{"line":8,"column":4},"end":{"line":8,"column":30}},"2":{"start":{"line":13,"column":4},"end":{"line":13,"column":112}},"3":{"start":{"line":13,"column":74},"end":{"line":13,"column":110}},"4":{"start":{"line":18,"column":4},"end":{"line":63,"column":5}},"5":{"start":{"line":19,"column":6},"end":{"line":37,"column":7}},"6":{"start":{"line":39,"column":6},"end":{"line":62,"column":7}},"7":{"start":{"line":65,"column":4},"end":{"line":88,"column":5}},"8":{"start":{"line":68,"column":6},"end":{"line":71,"column":12}},"9":{"start":{"line":73,"column":6},"end":{"line":77,"column":8}},"10":{"start":{"line":80,"column":6},"end":{"line":82,"column":7}},"11":{"start":{"line":81,"column":8},"end":{"line":81,"column":38}},"12":{"start":{"line":83,"column":6},"end":{"line":87,"column":8}}},"fnMap":{"0":{"name":"(anonymous_0)","decl":{"start":{"line":6,"column":2},"end":{"line":6,"column":3}},"loc":{"start":{"line":6,"column":20},"end":{"line":9,"column":3}},"line":6},"1":{"name":"(anonymous_1)","decl":{"start":{"line":12,"column":2},"end":{"line":12,"column":3}},"loc":{"start":{"line":12,"column":13},"end":{"line":14,"column":3}},"line":12},"2":{"name":"(anonymous_2)","decl":{"start":{"line":13,"column":69},"end":{"line":13,"column":70}},"loc":{"start":{"line":13,"column":74},"end":{"line":13,"column":110}},"line":13},"3":{"name":"(anonymous_3)","decl":{"start":{"line":16,"column":2},"end":{"line":16,"column":3}},"loc":{"start":{"line":16,"column":12},"end":{"line":89,"column":3}},"line":16}},"branchMap":{"0":{"loc":{"start":{"line":18,"column":4},"end":{"line":63,"column":5}},"type":"if","locations":[{"start":{"line":18,"column":4},"end":{"line":63,"column":5}},{"start":{"line":18,"column":4},"end":{"line":63,"column":5}}],"line":18},"1":{"loc":{"start":{"line":65,"column":4},"end":{"line":88,"column":5}},"type":"if","locations":[{"start":{"line":65,"column":4},"end":{"line":88,"column":5}},{"start":{"line":65,"column":4},"end":{"line":88,"column":5}}],"line":65},"2":{"loc":{"start":{"line":80,"column":6},"end":{"line":82,"column":7}},"type":"if","locations":[{"start":{"line":80,"column":6},"end":{"line":82,"column":7}},{"start":{"line":80,"column":6},"end":{"line":82,"column":7}}],"line":80}},"s":{"0":1,"1":1,"2":0,"3":0,"4":1,"5":1,"6":0,"7":1,"8":0,"9":0,"10":1,"11":1,"12":1},"f":{"0":1,"1":0,"2":0,"3":1},"b":{"0":[1,0],"1":[0,1],"2":[1,0]},"_coverageSchema":"332fd63041d2c1bcb487cc26dd0d5f7d97098a6c","hash":"b6182fb1025d1bae39cd4b84fc42fb861269c045"}
,"/Users/limingkang/Documents/Full_Stack_Project/Instagraph/frontend/components/posts/post_index.jsx": {"path":"/Users/limingkang/Documents/Full_Stack_Project/Instagraph/frontend/components/posts/post_index.jsx","statementMap":{"0":{"start":{"line":8,"column":17},"end":{"line":12,"column":1}},"1":{"start":{"line":16,"column":4},"end":{"line":16,"column":17}},"2":{"start":{"line":17,"column":4},"end":{"line":17,"column":30}},"3":{"start":{"line":21,"column":4},"end":{"line":21,"column":28}},"4":{"start":{"line":25,"column":18},"end":{"line":25,"column":120}},"5":{"start":{"line":25,"column":47},"end":{"line":25,"column":119}},"6":{"start":{"line":26,"column":4},"end":{"line":38,"column":5}},"7":{"start":{"line":27,"column":6},"end":{"line":31,"column":7}},"8":{"start":{"line":33,"column":6},"end":{"line":37,"column":7}},"9":{"start":{"line":43,"column":24},"end":{"line":48,"column":1}},"10":{"start":{"line":44,"column":2},"end":{"line":47,"column":3}},"11":{"start":{"line":51,"column":27},"end":{"line":55,"column":2}},"12":{"start":{"line":51,"column":42},"end":{"line":55,"column":1}},"13":{"start":{"line":52,"column":20},"end":{"line":52,"column":42}},"14":{"start":{"line":53,"column":22},"end":{"line":53,"column":54}},"15":{"start":{"line":54,"column":22},"end":{"line":54,"column":46}}},"fnMap":{"0":{"name":"(anonymous_0)","decl":{"start":{"line":15,"column":2},"end":{"line":15,"column":3}},"loc":{"start":{"line":15,"column":20},"end":{"line":18,"column":3}},"line":15},"1":{"name":"(anonymous_1)","decl":{"start":{"line":20,"column":2},"end":{"line":20,"column":3}},"loc":{"start":{"line":20,"column":21},"end":{"line":22,"column":3}},"line":20},"2":{"name":"(anonymous_2)","decl":{"start":{"line":24,"column":2},"end":{"line":24,"column":3}},"loc":{"start":{"line":24,"column":10},"end":{"line":39,"column":3}},"line":24},"3":{"name":"(anonymous_3)","decl":{"start":{"line":25,"column":39},"end":{"line":25,"column":40}},"loc":{"start":{"line":25,"column":47},"end":{"line":25,"column":119}},"line":25},"4":{"name":"(anonymous_4)","decl":{"start":{"line":43,"column":24},"end":{"line":43,"column":25}},"loc":{"start":{"line":43,"column":35},"end":{"line":48,"column":1}},"line":43},"5":{"name":"(anonymous_5)","decl":{"start":{"line":51,"column":27},"end":{"line":51,"column":28}},"loc":{"start":{"line":51,"column":42},"end":{"line":55,"column":1}},"line":51},"6":{"name":"(anonymous_6)","decl":{"start":{"line":52,"column":14},"end":{"line":52,"column":15}},"loc":{"start":{"line":52,"column":20},"end":{"line":52,"column":42}},"line":52},"7":{"name":"(anonymous_7)","decl":{"start":{"line":53,"column":16},"end":{"line":53,"column":17}},"loc":{"start":{"line":53,"column":22},"end":{"line":53,"column":54}},"line":53},"8":{"name":"(anonymous_8)","decl":{"start":{"line":54,"column":14},"end":{"line":54,"column":15}},"loc":{"start":{"line":54,"column":22},"end":{"line":54,"column":46}},"line":54}},"branchMap":{"0":{"loc":{"start":{"line":26,"column":4},"end":{"line":38,"column":5}},"type":"if","locations":[{"start":{"line":26,"column":4},"end":{"line":38,"column":5}},{"start":{"line":26,"column":4},"end":{"line":38,"column":5}}],"line":26}},"s":{"0":1,"1":1,"2":1,"3":1,"4":1,"5":0,"6":1,"7":1,"8":0,"9":1,"10":0,"11":1,"12":0,"13":0,"14":0,"15":0},"f":{"0":1,"1":1,"2":1,"3":0,"4":0,"5":0,"6":0,"7":0,"8":0},"b":{"0":[1,0]},"_coverageSchema":"332fd63041d2c1bcb487cc26dd0d5f7d97098a6c","hash":"82532183e881fd8a0cd96c934a089f0676ee0443"}
,"/Users/limingkang/Documents/Full_Stack_Project/Instagraph/frontend/components/posts/post_item.jsx": {"path":"/Users/limingkang/Documents/Full_Stack_Project/Instagraph/frontend/components/posts/post_item.jsx","statementMap":{"0":{"start":{"line":11,"column":4},"end":{"line":11,"column":17}},"1":{"start":{"line":12,"column":4},"end":{"line":15,"column":6}},"2":{"start":{"line":16,"column":4},"end":{"line":16,"column":30}},"3":{"start":{"line":20,"column":4},"end":{"line":20,"column":91}},"4":{"start":{"line":24,"column":4},"end":{"line":29,"column":5}},"5":{"start":{"line":25,"column":6},"end":{"line":25,"column":48}},"6":{"start":{"line":28,"column":6},"end":{"line":28,"column":48}},"7":{"start":{"line":33,"column":4},"end":{"line":33,"column":90}},"8":{"start":{"line":37,"column":4},"end":{"line":39,"column":7}},"9":{"start":{"line":43,"column":4},"end":{"line":45,"column":7}},"10":{"start":{"line":46,"column":4},"end":{"line":46,"column":37}},"11":{"start":{"line":50,"column":4},"end":{"line":50,"column":38}},"12":{"start":{"line":54,"column":4},"end":{"line":54,"column":33}},"13":{"start":{"line":55,"column":4},"end":{"line":57,"column":7}},"14":{"start":{"line":61,"column":4},"end":{"line":61,"column":23}},"15":{"start":{"line":62,"column":4},"end":{"line":62,"column":91}},"16":{"start":{"line":63,"column":4},"end":{"line":65,"column":7}},"17":{"start":{"line":80,"column":18},"end":{"line":80,"column":34}},"18":{"start":{"line":81,"column":23},"end":{"line":81,"column":44}},"19":{"start":{"line":82,"column":24},"end":{"line":82,"column":46}},"20":{"start":{"line":83,"column":19},"end":{"line":83,"column":36}},"21":{"start":{"line":84,"column":23},"end":{"line":84,"column":43}},"22":{"start":{"line":85,"column":18},"end":{"line":104,"column":6}},"23":{"start":{"line":86,"column":21},"end":{"line":86,"column":45}},"24":{"start":{"line":87,"column":32},"end":{"line":87,"column":85}},"25":{"start":{"line":88,"column":6},"end":{"line":103,"column":7}},"26":{"start":{"line":91,"column":14},"end":{"line":93,"column":15}},"27":{"start":{"line":92,"column":16},"end":{"line":92,"column":60}},"28":{"start":{"line":105,"column":4},"end":{"line":137,"column":6}},"29":{"start":{"line":141,"column":24},"end":{"line":152,"column":1}},"30":{"start":{"line":142,"column":2},"end":{"line":151,"column":3}},"31":{"start":{"line":154,"column":27},"end":{"line":164,"column":1}},"32":{"start":{"line":155,"column":2},"end":{"line":163,"column":3}},"33":{"start":{"line":156,"column":31},"end":{"line":156,"column":62}},"34":{"start":{"line":157,"column":32},"end":{"line":157,"column":64}},"35":{"start":{"line":158,"column":29},"end":{"line":158,"column":58}},"36":{"start":{"line":159,"column":29},"end":{"line":159,"column":58}},"37":{"start":{"line":160,"column":32},"end":{"line":160,"column":64}},"38":{"start":{"line":161,"column":27},"end":{"line":161,"column":54}},"39":{"start":{"line":162,"column":23},"end":{"line":162,"column":55}}},"fnMap":{"0":{"name":"(anonymous_0)","decl":{"start":{"line":10,"column":2},"end":{"line":10,"column":3}},"loc":{"start":{"line":10,"column":20},"end":{"line":17,"column":3}},"line":10},"1":{"name":"(anonymous_1)","decl":{"start":{"line":19,"column":2},"end":{"line":19,"column":3}},"loc":{"start":{"line":19,"column":21},"end":{"line":21,"column":3}},"line":19},"2":{"name":"(anonymous_2)","decl":{"start":{"line":23,"column":2},"end":{"line":23,"column":3}},"loc":{"start":{"line":23,"column":14},"end":{"line":30,"column":3}},"line":23},"3":{"name":"(anonymous_3)","decl":{"start":{"line":32,"column":2},"end":{"line":32,"column":3}},"loc":{"start":{"line":32,"column":24},"end":{"line":34,"column":3}},"line":32},"4":{"name":"(anonymous_4)","decl":{"start":{"line":36,"column":2},"end":{"line":36,"column":3}},"loc":{"start":{"line":36,"column":18},"end":{"line":40,"column":3}},"line":36},"5":{"name":"(anonymous_5)","decl":{"start":{"line":42,"column":2},"end":{"line":42,"column":3}},"loc":{"start":{"line":42,"column":19},"end":{"line":47,"column":3}},"line":42},"6":{"name":"(anonymous_6)","decl":{"start":{"line":49,"column":2},"end":{"line":49,"column":3}},"loc":{"start":{"line":49,"column":23},"end":{"line":51,"column":3}},"line":49},"7":{"name":"(anonymous_7)","decl":{"start":{"line":53,"column":2},"end":{"line":53,"column":3}},"loc":{"start":{"line":53,"column":25},"end":{"line":58,"column":3}},"line":53},"8":{"name":"(anonymous_8)","decl":{"start":{"line":60,"column":2},"end":{"line":60,"column":3}},"loc":{"start":{"line":60,"column":24},"end":{"line":66,"column":3}},"line":60},"9":{"name":"(anonymous_9)","decl":{"start":{"line":69,"column":2},"end":{"line":69,"column":3}},"loc":{"start":{"line":69,"column":15},"end":{"line":71,"column":3}},"line":69},"10":{"name":"(anonymous_10)","decl":{"start":{"line":73,"column":2},"end":{"line":73,"column":3}},"loc":{"start":{"line":73,"column":13},"end":{"line":75,"column":3}},"line":73},"11":{"name":"(anonymous_11)","decl":{"start":{"line":79,"column":2},"end":{"line":79,"column":3}},"loc":{"start":{"line":79,"column":10},"end":{"line":138,"column":3}},"line":79},"12":{"name":"(anonymous_12)","decl":{"start":{"line":85,"column":42},"end":{"line":85,"column":43}},"loc":{"start":{"line":85,"column":60},"end":{"line":104,"column":5}},"line":85},"13":{"name":"(anonymous_13)","decl":{"start":{"line":90,"column":40},"end":{"line":90,"column":41}},"loc":{"start":{"line":90,"column":44},"end":{"line":94,"column":13}},"line":90},"14":{"name":"(anonymous_14)","decl":{"start":{"line":141,"column":24},"end":{"line":141,"column":25}},"loc":{"start":{"line":141,"column":45},"end":{"line":152,"column":1}},"line":141},"15":{"name":"(anonymous_15)","decl":{"start":{"line":154,"column":27},"end":{"line":154,"column":28}},"loc":{"start":{"line":154,"column":41},"end":{"line":164,"column":1}},"line":154},"16":{"name":"(anonymous_16)","decl":{"start":{"line":156,"column":25},"end":{"line":156,"column":26}},"loc":{"start":{"line":156,"column":31},"end":{"line":156,"column":62}},"line":156},"17":{"name":"(anonymous_17)","decl":{"start":{"line":157,"column":26},"end":{"line":157,"column":27}},"loc":{"start":{"line":157,"column":32},"end":{"line":157,"column":64}},"line":157},"18":{"name":"(anonymous_18)","decl":{"start":{"line":158,"column":16},"end":{"line":158,"column":17}},"loc":{"start":{"line":158,"column":29},"end":{"line":158,"column":58}},"line":158},"19":{"name":"(anonymous_19)","decl":{"start":{"line":159,"column":16},"end":{"line":159,"column":17}},"loc":{"start":{"line":159,"column":29},"end":{"line":159,"column":58}},"line":159},"20":{"name":"(anonymous_20)","decl":{"start":{"line":160,"column":19},"end":{"line":160,"column":20}},"loc":{"start":{"line":160,"column":32},"end":{"line":160,"column":64}},"line":160},"21":{"name":"(anonymous_21)","decl":{"start":{"line":161,"column":19},"end":{"line":161,"column":20}},"loc":{"start":{"line":161,"column":27},"end":{"line":161,"column":54}},"line":161},"22":{"name":"(anonymous_22)","decl":{"start":{"line":162,"column":18},"end":{"line":162,"column":19}},"loc":{"start":{"line":162,"column":23},"end":{"line":162,"column":55}},"line":162}},"branchMap":{"0":{"loc":{"start":{"line":24,"column":4},"end":{"line":29,"column":5}},"type":"if","locations":[{"start":{"line":24,"column":4},"end":{"line":29,"column":5}},{"start":{"line":24,"column":4},"end":{"line":29,"column":5}}],"line":24},"1":{"loc":{"start":{"line":87,"column":32},"end":{"line":87,"column":85}},"type":"cond-expr","locations":[{"start":{"line":87,"column":72},"end":{"line":87,"column":74}},{"start":{"line":87,"column":77},"end":{"line":87,"column":85}}],"line":87},"2":{"loc":{"start":{"line":87,"column":32},"end":{"line":87,"column":69}},"type":"binary-expr","locations":[{"start":{"line":87,"column":32},"end":{"line":87,"column":38}},{"start":{"line":87,"column":43},"end":{"line":87,"column":68}}],"line":87},"3":{"loc":{"start":{"line":91,"column":14},"end":{"line":93,"column":15}},"type":"if","locations":[{"start":{"line":91,"column":14},"end":{"line":93,"column":15}},{"start":{"line":91,"column":14},"end":{"line":93,"column":15}}],"line":91},"4":{"loc":{"start":{"line":91,"column":17},"end":{"line":91,"column":59}},"type":"binary-expr","locations":[{"start":{"line":91,"column":17},"end":{"line":91,"column":45}},{"start":{"line":91,"column":49},"end":{"line":91,"column":59}}],"line":91},"5":{"loc":{"start":{"line":120,"column":87},"end":{"line":120,"column":140}},"type":"cond-expr","locations":[{"start":{"line":120,"column":106},"end":{"line":120,"column":123}},{"start":{"line":120,"column":126},"end":{"line":120,"column":140}}],"line":120}},"s":{"0":0,"1":0,"2":0,"3":0,"4":0,"5":0,"6":0,"7":0,"8":0,"9":0,"10":0,"11":0,"12":0,"13":0,"14":0,"15":0,"16":0,"17":0,"18":0,"19":0,"20":0,"21":0,"22":0,"23":0,"24":0,"25":0,"26":0,"27":0,"28":0,"29":2,"30":0,"31":2,"32":0,"33":0,"34":0,"35":0,"36":0,"37":0,"38":0,"39":0},"f":{"0":0,"1":0,"2":0,"3":0,"4":0,"5":0,"6":0,"7":0,"8":0,"9":0,"10":0,"11":0,"12":0,"13":0,"14":0,"15":0,"16":0,"17":0,"18":0,"19":0,"20":0,"21":0,"22":0},"b":{"0":[0,0],"1":[0,0],"2":[0,0],"3":[0,0],"4":[0,0],"5":[0,0]},"_coverageSchema":"332fd63041d2c1bcb487cc26dd0d5f7d97098a6c","hash":"ec9b81f578b8627159e1ee295fff3375147276b0"}
,"/Users/limingkang/Documents/Full_Stack_Project/Instagraph/frontend/components/session_form/login_form_container.jsx": {"path":"/Users/limingkang/Documents/Full_Stack_Project/Instagraph/frontend/components/session_form/login_form_container.jsx","statementMap":{"0":{"start":{"line":6,"column":24},"end":{"line":9,"column":2}},"1":{"start":{"line":6,"column":46},"end":{"line":9,"column":1}},"2":{"start":{"line":11,"column":27},"end":{"line":15,"column":1}},"3":{"start":{"line":12,"column":2},"end":{"line":14,"column":4}},"4":{"start":{"line":13,"column":27},"end":{"line":13,"column":48}}},"fnMap":{"0":{"name":"(anonymous_0)","decl":{"start":{"line":6,"column":24},"end":{"line":6,"column":25}},"loc":{"start":{"line":6,"column":46},"end":{"line":9,"column":1}},"line":6},"1":{"name":"(anonymous_1)","decl":{"start":{"line":11,"column":27},"end":{"line":11,"column":28}},"loc":{"start":{"line":11,"column":39},"end":{"line":15,"column":1}},"line":11},"2":{"name":"(anonymous_2)","decl":{"start":{"line":13,"column":17},"end":{"line":13,"column":18}},"loc":{"start":{"line":13,"column":27},"end":{"line":13,"column":48}},"line":13}},"branchMap":{},"s":{"0":1,"1":0,"2":1,"3":0,"4":0},"f":{"0":0,"1":0,"2":0},"b":{},"_coverageSchema":"332fd63041d2c1bcb487cc26dd0d5f7d97098a6c","hash":"38f87ec49553f3cd643520141121f1cea06d57ec"}
,"/Users/limingkang/Documents/Full_Stack_Project/Instagraph/frontend/components/session_form/session_form.jsx": {"path":"/Users/limingkang/Documents/Full_Stack_Project/Instagraph/frontend/components/session_form/session_form.jsx","statementMap":{"0":{"start":{"line":6,"column":4},"end":{"line":6,"column":17}},"1":{"start":{"line":7,"column":4},"end":{"line":10,"column":6}},"2":{"start":{"line":11,"column":4},"end":{"line":11,"column":53}},"3":{"start":{"line":16,"column":4},"end":{"line":16,"column":23}},"4":{"start":{"line":17,"column":4},"end":{"line":17,"column":87}},"5":{"start":{"line":17,"column":49},"end":{"line":17,"column":85}},"6":{"start":{"line":21,"column":4},"end":{"line":23,"column":7}},"7":{"start":{"line":27,"column":4},"end":{"line":29,"column":7}},"8":{"start":{"line":33,"column":4},"end":{"line":37,"column":6}},"9":{"start":{"line":34,"column":6},"end":{"line":36,"column":9}},"10":{"start":{"line":41,"column":4},"end":{"line":47,"column":6}}},"fnMap":{"0":{"name":"(anonymous_0)","decl":{"start":{"line":5,"column":2},"end":{"line":5,"column":3}},"loc":{"start":{"line":5,"column":21},"end":{"line":12,"column":3}},"line":5},"1":{"name":"(anonymous_1)","decl":{"start":{"line":15,"column":2},"end":{"line":15,"column":3}},"loc":{"start":{"line":15,"column":17},"end":{"line":18,"column":3}},"line":15},"2":{"name":"(anonymous_2)","decl":{"start":{"line":17,"column":44},"end":{"line":17,"column":45}},"loc":{"start":{"line":17,"column":49},"end":{"line":17,"column":85}},"line":17},"3":{"name":"(anonymous_3)","decl":{"start":{"line":20,"column":2},"end":{"line":20,"column":3}},"loc":{"start":{"line":20,"column":19},"end":{"line":24,"column":3}},"line":20},"4":{"name":"(anonymous_4)","decl":{"start":{"line":26,"column":2},"end":{"line":26,"column":3}},"loc":{"start":{"line":26,"column":13},"end":{"line":30,"column":3}},"line":26},"5":{"name":"(anonymous_5)","decl":{"start":{"line":32,"column":2},"end":{"line":32,"column":3}},"loc":{"start":{"line":32,"column":16},"end":{"line":38,"column":3}},"line":32},"6":{"name":"(anonymous_6)","decl":{"start":{"line":33,"column":11},"end":{"line":33,"column":12}},"loc":{"start":{"line":33,"column":18},"end":{"line":37,"column":5}},"line":33},"7":{"name":"(anonymous_7)","decl":{"start":{"line":40,"column":2},"end":{"line":40,"column":3}},"loc":{"start":{"line":40,"column":11},"end":{"line":48,"column":3}},"line":40}},"branchMap":{},"s":{"0":0,"1":0,"2":0,"3":0,"4":0,"5":0,"6":0,"7":0,"8":0,"9":0,"10":0},"f":{"0":0,"1":0,"2":0,"3":0,"4":0,"5":0,"6":0,"7":0},"b":{},"_coverageSchema":"332fd63041d2c1bcb487cc26dd0d5f7d97098a6c","hash":"a7a4124b4737fa93e059300f87c31d92cf82546e"}
,"/Users/limingkang/Documents/Full_Stack_Project/Instagraph/frontend/components/session_form/signup_form_container.jsx": {"path":"/Users/limingkang/Documents/Full_Stack_Project/Instagraph/frontend/components/session_form/signup_form_container.jsx","statementMap":{"0":{"start":{"line":6,"column":24},"end":{"line":9,"column":2}},"1":{"start":{"line":6,"column":46},"end":{"line":9,"column":1}},"2":{"start":{"line":11,"column":27},"end":{"line":15,"column":1}},"3":{"start":{"line":12,"column":2},"end":{"line":14,"column":4}},"4":{"start":{"line":13,"column":27},"end":{"line":13,"column":49}}},"fnMap":{"0":{"name":"(anonymous_0)","decl":{"start":{"line":6,"column":24},"end":{"line":6,"column":25}},"loc":{"start":{"line":6,"column":46},"end":{"line":9,"column":1}},"line":6},"1":{"name":"(anonymous_1)","decl":{"start":{"line":11,"column":27},"end":{"line":11,"column":28}},"loc":{"start":{"line":11,"column":39},"end":{"line":15,"column":1}},"line":11},"2":{"name":"(anonymous_2)","decl":{"start":{"line":13,"column":17},"end":{"line":13,"column":18}},"loc":{"start":{"line":13,"column":27},"end":{"line":13,"column":49}},"line":13}},"branchMap":{},"s":{"0":1,"1":0,"2":1,"3":0,"4":0},"f":{"0":0,"1":0,"2":0},"b":{},"_coverageSchema":"332fd63041d2c1bcb487cc26dd0d5f7d97098a6c","hash":"5ea3666724539e0de27c4ae7629d4e46733d59a5"}
,"/Users/limingkang/Documents/Full_Stack_Project/Instagraph/frontend/components/side_bar/side_bar.jsx": {"path":"/Users/limingkang/Documents/Full_Stack_Project/Instagraph/frontend/components/side_bar/side_bar.jsx","statementMap":{"0":{"start":{"line":9,"column":4},"end":{"line":9,"column":17}},"1":{"start":{"line":13,"column":16},"end":{"line":13,"column":58}},"2":{"start":{"line":13,"column":50},"end":{"line":13,"column":57}},"3":{"start":{"line":14,"column":4},"end":{"line":14,"column":37}},"4":{"start":{"line":18,"column":6},"end":{"line":18,"column":29}},"5":{"start":{"line":18,"column":16},"end":{"line":18,"column":29}},"6":{"start":{"line":19,"column":24},"end":{"line":19,"column":38}},"7":{"start":{"line":20,"column":20},"end":{"line":20,"column":30}},"8":{"start":{"line":21,"column":19},"end":{"line":21,"column":28}},"9":{"start":{"line":22,"column":17},"end":{"line":22,"column":28}},"10":{"start":{"line":23,"column":16},"end":{"line":23,"column":25}},"11":{"start":{"line":24,"column":18},"end":{"line":24,"column":26}},"12":{"start":{"line":25,"column":22},"end":{"line":25,"column":43}},"13":{"start":{"line":26,"column":22},"end":{"line":26,"column":39}},"14":{"start":{"line":27,"column":21},"end":{"line":27,"column":42}},"15":{"start":{"line":28,"column":20},"end":{"line":28,"column":35}},"16":{"start":{"line":29,"column":21},"end":{"line":29,"column":37}},"17":{"start":{"line":30,"column":23},"end":{"line":30,"column":41}},"18":{"start":{"line":32,"column":6},"end":{"line":58,"column":7}},"19":{"start":{"line":33,"column":10},"end":{"line":33,"column":30}},"20":{"start":{"line":35,"column":11},"end":{"line":58,"column":7}},"21":{"start":{"line":36,"column":10},"end":{"line":36,"column":51}},"22":{"start":{"line":37,"column":10},"end":{"line":37,"column":49}},"23":{"start":{"line":38,"column":10},"end":{"line":38,"column":42}},"24":{"start":{"line":39,"column":10},"end":{"line":39,"column":24}},"25":{"start":{"line":41,"column":11},"end":{"line":58,"column":7}},"26":{"start":{"line":42,"column":10},"end":{"line":42,"column":56}},"27":{"start":{"line":44,"column":11},"end":{"line":58,"column":7}},"28":{"start":{"line":45,"column":10},"end":{"line":45,"column":54}},"29":{"start":{"line":47,"column":11},"end":{"line":58,"column":7}},"30":{"start":{"line":48,"column":10},"end":{"line":48,"column":52}},"31":{"start":{"line":50,"column":11},"end":{"line":58,"column":7}},"32":{"start":{"line":51,"column":10},"end":{"line":51,"column":54}},"33":{"start":{"line":53,"column":11},"end":{"line":58,"column":7}},"34":{"start":{"line":54,"column":10},"end":{"line":54,"column":58}},"35":{"start":{"line":57,"column":10},"end":{"line":57,"column":30}},"36":{"start":{"line":59,"column":6},"end":{"line":59,"column":20}},"37":{"start":{"line":63,"column":4},"end":{"line":63,"column":105}},"38":{"start":{"line":68,"column":4},"end":{"line":68,"column":73}},"39":{"start":{"line":72,"column":20},"end":{"line":72,"column":41}},"40":{"start":{"line":73,"column":16},"end":{"line":92,"column":8}},"41":{"start":{"line":75,"column":8},"end":{"line":77,"column":9}},"42":{"start":{"line":76,"column":10},"end":{"line":76,"column":95}},"43":{"start":{"line":79,"column":8},"end":{"line":91,"column":9}},"44":{"start":{"line":95,"column":4},"end":{"line":115,"column":5}},"45":{"start":{"line":120,"column":24},"end":{"line":126,"column":1}},"46":{"start":{"line":121,"column":2},"end":{"line":125,"column":3}},"47":{"start":{"line":128,"column":27},"end":{"line":132,"column":1}},"48":{"start":{"line":129,"column":2},"end":{"line":131,"column":3}},"49":{"start":{"line":130,"column":31},"end":{"line":130,"column":62}}},"fnMap":{"0":{"name":"(anonymous_0)","decl":{"start":{"line":8,"column":2},"end":{"line":8,"column":3}},"loc":{"start":{"line":8,"column":20},"end":{"line":10,"column":3}},"line":8},"1":{"name":"(anonymous_1)","decl":{"start":{"line":12,"column":2},"end":{"line":12,"column":3}},"loc":{"start":{"line":12,"column":21},"end":{"line":15,"column":3}},"line":12},"2":{"name":"(anonymous_2)","decl":{"start":{"line":13,"column":42},"end":{"line":13,"column":43}},"loc":{"start":{"line":13,"column":50},"end":{"line":13,"column":57}},"line":13},"3":{"name":"(anonymous_3)","decl":{"start":{"line":17,"column":2},"end":{"line":17,"column":3}},"loc":{"start":{"line":17,"column":20},"end":{"line":60,"column":3}},"line":17},"4":{"name":"(anonymous_4)","decl":{"start":{"line":62,"column":2},"end":{"line":62,"column":3}},"loc":{"start":{"line":62,"column":15},"end":{"line":64,"column":3}},"line":62},"5":{"name":"(anonymous_5)","decl":{"start":{"line":67,"column":2},"end":{"line":67,"column":3}},"loc":{"start":{"line":67,"column":27},"end":{"line":69,"column":3}},"line":67},"6":{"name":"(anonymous_6)","decl":{"start":{"line":71,"column":2},"end":{"line":71,"column":3}},"loc":{"start":{"line":71,"column":10},"end":{"line":116,"column":3}},"line":71},"7":{"name":"(anonymous_7)","decl":{"start":{"line":73,"column":28},"end":{"line":73,"column":29}},"loc":{"start":{"line":73,"column":45},"end":{"line":92,"column":7}},"line":73},"8":{"name":"(anonymous_8)","decl":{"start":{"line":120,"column":24},"end":{"line":120,"column":25}},"loc":{"start":{"line":120,"column":45},"end":{"line":126,"column":1}},"line":120},"9":{"name":"(anonymous_9)","decl":{"start":{"line":128,"column":27},"end":{"line":128,"column":28}},"loc":{"start":{"line":128,"column":41},"end":{"line":132,"column":1}},"line":128},"10":{"name":"(anonymous_10)","decl":{"start":{"line":130,"column":22},"end":{"line":130,"column":23}},"loc":{"start":{"line":130,"column":31},"end":{"line":130,"column":62}},"line":130}},"branchMap":{"0":{"loc":{"start":{"line":18,"column":6},"end":{"line":18,"column":29}},"type":"if","locations":[{"start":{"line":18,"column":6},"end":{"line":18,"column":29}},{"start":{"line":18,"column":6},"end":{"line":18,"column":29}}],"line":18},"1":{"loc":{"start":{"line":32,"column":6},"end":{"line":58,"column":7}},"type":"if","locations":[{"start":{"line":32,"column":6},"end":{"line":58,"column":7}},{"start":{"line":32,"column":6},"end":{"line":58,"column":7}}],"line":32},"2":{"loc":{"start":{"line":35,"column":11},"end":{"line":58,"column":7}},"type":"if","locations":[{"start":{"line":35,"column":11},"end":{"line":58,"column":7}},{"start":{"line":35,"column":11},"end":{"line":58,"column":7}}],"line":35},"3":{"loc":{"start":{"line":41,"column":11},"end":{"line":58,"column":7}},"type":"if","locations":[{"start":{"line":41,"column":11},"end":{"line":58,"column":7}},{"start":{"line":41,"column":11},"end":{"line":58,"column":7}}],"line":41},"4":{"loc":{"start":{"line":44,"column":11},"end":{"line":58,"column":7}},"type":"if","locations":[{"start":{"line":44,"column":11},"end":{"line":58,"column":7}},{"start":{"line":44,"column":11},"end":{"line":58,"column":7}}],"line":44},"5":{"loc":{"start":{"line":47,"column":11},"end":{"line":58,"column":7}},"type":"if","locations":[{"start":{"line":47,"column":11},"end":{"line":58,"column":7}},{"start":{"line":47,"column":11},"end":{"line":58,"column":7}}],"line":47},"6":{"loc":{"start":{"line":50,"column":11},"end":{"line":58,"column":7}},"type":"if","locations":[{"start":{"line":50,"column":11},"end":{"line":58,"column":7}},{"start":{"line":50,"column":11},"end":{"line":58,"column":7}}],"line":50},"7":{"loc":{"start":{"line":53,"column":11},"end":{"line":58,"column":7}},"type":"if","locations":[{"start":{"line":53,"column":11},"end":{"line":58,"column":7}},{"start":{"line":53,"column":11},"end":{"line":58,"column":7}}],"line":53},"8":{"loc":{"start":{"line":75,"column":8},"end":{"line":77,"column":9}},"type":"if","locations":[{"start":{"line":75,"column":8},"end":{"line":77,"column":9}},{"start":{"line":75,"column":8},"end":{"line":77,"column":9}}],"line":75},"9":{"loc":{"start":{"line":88,"column":23},"end":{"line":88,"column":39}},"type":"cond-expr","locations":[{"start":{"line":88,"column":30},"end":{"line":88,"column":34}},{"start":{"line":88,"column":37},"end":{"line":88,"column":39}}],"line":88}},"s":{"0":4,"1":4,"2":0,"3":4,"4":3,"5":1,"6":2,"7":2,"8":2,"9":2,"10":2,"11":2,"12":2,"13":2,"14":2,"15":2,"16":2,"17":2,"18":2,"19":0,"20":2,"21":0,"22":0,"23":0,"24":0,"25":2,"26":0,"27":2,"28":0,"29":2,"30":0,"31":2,"32":0,"33":2,"34":0,"35":2,"36":2,"37":0,"38":0,"39":4,"40":4,"41":0,"42":0,"43":0,"44":4,"45":2,"46":0,"47":2,"48":0,"49":0},"f":{"0":4,"1":4,"2":0,"3":3,"4":0,"5":0,"6":4,"7":0,"8":0,"9":0,"10":0},"b":{"0":[1,2],"1":[0,2],"2":[0,2],"3":[0,2],"4":[0,2],"5":[0,2],"6":[0,2],"7":[0,2],"8":[0,0],"9":[0,0]},"_coverageSchema":"332fd63041d2c1bcb487cc26dd0d5f7d97098a6c","hash":"0739f03be94491bca0d48b935834dc2c74d81bda"}
,"/Users/limingkang/Documents/Full_Stack_Project/Instagraph/frontend/util/comment_api_util.js": {"path":"/Users/limingkang/Documents/Full_Stack_Project/Instagraph/frontend/util/comment_api_util.js","statementMap":{"0":{"start":{"line":1,"column":29},"end":{"line":9,"column":1}},"1":{"start":{"line":2,"column":2},"end":{"line":8,"column":5}},"2":{"start":{"line":11,"column":30},"end":{"line":16,"column":1}},"3":{"start":{"line":12,"column":2},"end":{"line":15,"column":5}}},"fnMap":{"0":{"name":"(anonymous_0)","decl":{"start":{"line":1,"column":29},"end":{"line":1,"column":30}},"loc":{"start":{"line":1,"column":42},"end":{"line":9,"column":1}},"line":1},"1":{"name":"(anonymous_1)","decl":{"start":{"line":11,"column":30},"end":{"line":11,"column":31}},"loc":{"start":{"line":11,"column":38},"end":{"line":16,"column":1}},"line":11}},"branchMap":{},"s":{"0":2,"1":0,"2":2,"3":0},"f":{"0":0,"1":0},"b":{},"_coverageSchema":"332fd63041d2c1bcb487cc26dd0d5f7d97098a6c","hash":"ea9943efb8fad7a0750b5d55d1ad63714f68d5af"}
,"/Users/limingkang/Documents/Full_Stack_Project/Instagraph/frontend/util/like_api_util.js": {"path":"/Users/limingkang/Documents/Full_Stack_Project/Instagraph/frontend/util/like_api_util.js","statementMap":{"0":{"start":{"line":1,"column":26},"end":{"line":6,"column":1}},"1":{"start":{"line":2,"column":2},"end":{"line":5,"column":5}},"2":{"start":{"line":9,"column":27},"end":{"line":14,"column":1}},"3":{"start":{"line":10,"column":2},"end":{"line":13,"column":5}}},"fnMap":{"0":{"name":"(anonymous_0)","decl":{"start":{"line":1,"column":26},"end":{"line":1,"column":27}},"loc":{"start":{"line":1,"column":38},"end":{"line":6,"column":1}},"line":1},"1":{"name":"(anonymous_1)","decl":{"start":{"line":9,"column":27},"end":{"line":9,"column":28}},"loc":{"start":{"line":9,"column":40},"end":{"line":14,"column":1}},"line":9}},"branchMap":{},"s":{"0":2,"1":0,"2":2,"3":0},"f":{"0":0,"1":0},"b":{},"_coverageSchema":"332fd63041d2c1bcb487cc26dd0d5f7d97098a6c","hash":"bac8adf80efa283c8ddbaf9a81cb731ba6c0e5ba"}
,"/Users/limingkang/Documents/Full_Stack_Project/Instagraph/frontend/util/post_api_util.js": {"path":"/Users/limingkang/Documents/Full_Stack_Project/Instagraph/frontend/util/post_api_util.js","statementMap":{"0":{"start":{"line":1,"column":26},"end":{"line":6,"column":1}},"1":{"start":{"line":2,"column":2},"end":{"line":5,"column":5}},"2":{"start":{"line":9,"column":25},"end":{"line":14,"column":1}},"3":{"start":{"line":10,"column":2},"end":{"line":13,"column":5}},"4":{"start":{"line":17,"column":26},"end":{"line":25,"column":1}},"5":{"start":{"line":18,"column":2},"end":{"line":24,"column":5}},"6":{"start":{"line":28,"column":26},"end":{"line":33,"column":1}},"7":{"start":{"line":29,"column":2},"end":{"line":32,"column":5}}},"fnMap":{"0":{"name":"(anonymous_0)","decl":{"start":{"line":1,"column":26},"end":{"line":1,"column":27}},"loc":{"start":{"line":1,"column":32},"end":{"line":6,"column":1}},"line":1},"1":{"name":"(anonymous_1)","decl":{"start":{"line":9,"column":25},"end":{"line":9,"column":26}},"loc":{"start":{"line":9,"column":33},"end":{"line":14,"column":1}},"line":9},"2":{"name":"(anonymous_2)","decl":{"start":{"line":17,"column":26},"end":{"line":17,"column":27}},"loc":{"start":{"line":17,"column":36},"end":{"line":25,"column":1}},"line":17},"3":{"name":"(anonymous_3)","decl":{"start":{"line":28,"column":26},"end":{"line":28,"column":27}},"loc":{"start":{"line":28,"column":34},"end":{"line":33,"column":1}},"line":28}},"branchMap":{},"s":{"0":2,"1":0,"2":2,"3":0,"4":2,"5":0,"6":2,"7":0},"f":{"0":0,"1":0,"2":0,"3":0},"b":{},"_coverageSchema":"332fd63041d2c1bcb487cc26dd0d5f7d97098a6c","hash":"97cd172829cd1220ab641c5e778d850af6a6fd07"}
,"/Users/limingkang/Documents/Full_Stack_Project/Instagraph/frontend/util/session_api_util.js": {"path":"/Users/limingkang/Documents/Full_Stack_Project/Instagraph/frontend/util/session_api_util.js","statementMap":{"0":{"start":{"line":1,"column":21},"end":{"line":9,"column":1}},"1":{"start":{"line":2,"column":2},"end":{"line":8,"column":5}},"2":{"start":{"line":12,"column":22},"end":{"line":20,"column":1}},"3":{"start":{"line":13,"column":2},"end":{"line":19,"column":5}},"4":{"start":{"line":23,"column":22},"end":{"line":28,"column":1}},"5":{"start":{"line":24,"column":2},"end":{"line":27,"column":5}}},"fnMap":{"0":{"name":"(anonymous_0)","decl":{"start":{"line":1,"column":21},"end":{"line":1,"column":22}},"loc":{"start":{"line":1,"column":29},"end":{"line":9,"column":1}},"line":1},"1":{"name":"(anonymous_1)","decl":{"start":{"line":12,"column":22},"end":{"line":12,"column":23}},"loc":{"start":{"line":12,"column":30},"end":{"line":20,"column":1}},"line":12},"2":{"name":"(anonymous_2)","decl":{"start":{"line":23,"column":22},"end":{"line":23,"column":23}},"loc":{"start":{"line":23,"column":28},"end":{"line":28,"column":1}},"line":23}},"branchMap":{},"s":{"0":1,"1":0,"2":1,"3":0,"4":1,"5":0},"f":{"0":0,"1":0,"2":0},"b":{},"_coverageSchema":"332fd63041d2c1bcb487cc26dd0d5f7d97098a6c","hash":"6dc13fe65e1796c5ea270f0d833771f0b1a56a4c"}
,"/Users/limingkang/Documents/Full_Stack_Project/Instagraph/frontend/util/user_api_util.js": {"path":"/Users/limingkang/Documents/Full_Stack_Project/Instagraph/frontend/util/user_api_util.js","statementMap":{"0":{"start":{"line":1,"column":26},"end":{"line":6,"column":1}},"1":{"start":{"line":2,"column":2},"end":{"line":5,"column":5}},"2":{"start":{"line":11,"column":25},"end":{"line":16,"column":1}},"3":{"start":{"line":12,"column":2},"end":{"line":15,"column":5}},"4":{"start":{"line":18,"column":26},"end":{"line":26,"column":1}},"5":{"start":{"line":19,"column":2},"end":{"line":25,"column":5}},"6":{"start":{"line":29,"column":27},"end":{"line":37,"column":1}},"7":{"start":{"line":30,"column":2},"end":{"line":36,"column":5}},"8":{"start":{"line":40,"column":32},"end":{"line":48,"column":1}},"9":{"start":{"line":41,"column":2},"end":{"line":47,"column":5}}},"fnMap":{"0":{"name":"(anonymous_0)","decl":{"start":{"line":1,"column":26},"end":{"line":1,"column":27}},"loc":{"start":{"line":1,"column":32},"end":{"line":6,"column":1}},"line":1},"1":{"name":"(anonymous_1)","decl":{"start":{"line":11,"column":25},"end":{"line":11,"column":26}},"loc":{"start":{"line":11,"column":33},"end":{"line":16,"column":1}},"line":11},"2":{"name":"(anonymous_2)","decl":{"start":{"line":18,"column":26},"end":{"line":18,"column":27}},"loc":{"start":{"line":18,"column":36},"end":{"line":26,"column":1}},"line":18},"3":{"name":"(anonymous_3)","decl":{"start":{"line":29,"column":27},"end":{"line":29,"column":28}},"loc":{"start":{"line":29,"column":38},"end":{"line":37,"column":1}},"line":29},"4":{"name":"(anonymous_4)","decl":{"start":{"line":40,"column":32},"end":{"line":40,"column":33}},"loc":{"start":{"line":40,"column":44},"end":{"line":48,"column":1}},"line":40}},"branchMap":{},"s":{"0":2,"1":0,"2":2,"3":0,"4":2,"5":0,"6":2,"7":0,"8":2,"9":0},"f":{"0":0,"1":0,"2":0,"3":0,"4":0},"b":{},"_coverageSchema":"332fd63041d2c1bcb487cc26dd0d5f7d97098a6c","hash":"600c774ae5c958bcb9dd3556caac4e440e86d90b"}
}
