TN:
SF:/Users/limingkang/Documents/Full_Stack_Project/Instagraph/frontend/actions/comment_actions.js
FN:7,(anonymous_0)
FN:16,(anonymous_1)
FN:24,(anonymous_2)
FN:25,(anonymous_3)
FN:26,(anonymous_4)
FN:29,(anonymous_5)
FN:37,(anonymous_6)
FN:38,(anonymous_7)
FN:39,(anonymous_8)
FN:42,(anonymous_9)
FNF:10
FNH:0
FNDA:0,(anonymous_0)
FNDA:0,(anonymous_1)
FNDA:0,(anonymous_2)
FNDA:0,(anonymous_3)
FNDA:0,(anonymous_4)
FNDA:0,(anonymous_5)
FNDA:0,(anonymous_6)
FNDA:0,(anonymous_7)
FNDA:0,(anonymous_8)
FNDA:0,(anonymous_9)
DA:3,2
DA:4,2
DA:5,2
DA:7,2
DA:8,0
DA:16,2
DA:17,0
DA:24,2
DA:25,0
DA:26,0
DA:27,0
DA:30,0
DA:37,2
DA:38,0
DA:39,0
DA:40,0
DA:43,0
LF:17
LH:7
BRF:0
BRH:0
end_of_record
TN:
SF:/Users/limingkang/Documents/Full_Stack_Project/Instagraph/frontend/actions/like_actions.js
FN:7,(anonymous_0)
FN:14,(anonymous_1)
FN:21,(anonymous_2)
FN:22,(anonymous_3)
FN:23,(anonymous_4)
FN:29,(anonymous_5)
FN:30,(anonymous_6)
FN:31,(anonymous_7)
FNF:8
FNH:0
FNDA:0,(anonymous_0)
FNDA:0,(anonymous_1)
FNDA:0,(anonymous_2)
FNDA:0,(anonymous_3)
FNDA:0,(anonymous_4)
FNDA:0,(anonymous_5)
FNDA:0,(anonymous_6)
FNDA:0,(anonymous_7)
DA:4,2
DA:5,2
DA:7,2
DA:8,0
DA:14,2
DA:15,0
DA:21,2
DA:22,0
DA:23,0
DA:24,0
DA:29,2
DA:30,0
DA:31,0
DA:32,0
LF:14
LH:6
BRF:0
BRH:0
end_of_record
TN:
SF:/Users/limingkang/Documents/Full_Stack_Project/Instagraph/frontend/actions/modal_actions.js
FN:13,(anonymous_0)
FN:20,(anonymous_1)
FN:25,(anonymous_2)
FN:31,(anonymous_3)
FN:38,(anonymous_4)
FN:44,(anonymous_5)
FN:50,(anonymous_6)
FN:55,(anonymous_7)
FN:60,(anonymous_8)
FN:66,(anonymous_9)
FN:71,(anonymous_10)
FNF:11
FNH:0
FNDA:0,(anonymous_0)
FNDA:0,(anonymous_1)
FNDA:0,(anonymous_2)
FNDA:0,(anonymous_3)
FNDA:0,(anonymous_4)
FNDA:0,(anonymous_5)
FNDA:0,(anonymous_6)
FNDA:0,(anonymous_7)
FNDA:0,(anonymous_8)
FNDA:0,(anonymous_9)
FNDA:0,(anonymous_10)
DA:1,2
DA:2,2
DA:3,2
DA:4,2
DA:5,2
DA:6,2
DA:7,2
DA:8,2
DA:9,2
DA:10,2
DA:11,2
DA:13,2
DA:14,0
DA:20,2
DA:21,0
DA:25,2
DA:26,0
DA:31,2
DA:32,0
DA:38,2
DA:39,0
DA:44,2
DA:45,0
DA:50,2
DA:51,0
DA:55,2
DA:56,0
DA:60,2
DA:61,0
DA:66,2
DA:67,0
DA:71,2
DA:72,0
LF:33
LH:22
BRF:0
BRH:0
end_of_record
TN:
SF:/Users/limingkang/Documents/Full_Stack_Project/Instagraph/frontend/actions/post_actions.js
FN:9,(anonymous_0)
FN:19,(anonymous_1)
FN:26,(anonymous_2)
FN:33,(anonymous_3)
FN:34,(anonymous_4)
FN:35,(anonymous_5)
FN:38,(anonymous_6)
FN:45,(anonymous_7)
FN:46,(anonymous_8)
FN:47,(anonymous_9)
FN:50,(anonymous_10)
FN:57,(anonymous_11)
FN:58,(anonymous_12)
FN:59,(anonymous_13)
FN:62,(anonymous_14)
FN:70,(anonymous_15)
FN:71,(anonymous_16)
FN:72,(anonymous_17)
FN:75,(anonymous_18)
FNF:19
FNH:0
FNDA:0,(anonymous_0)
FNDA:0,(anonymous_1)
FNDA:0,(anonymous_2)
FNDA:0,(anonymous_3)
FNDA:0,(anonymous_4)
FNDA:0,(anonymous_5)
FNDA:0,(anonymous_6)
FNDA:0,(anonymous_7)
FNDA:0,(anonymous_8)
FNDA:0,(anonymous_9)
FNDA:0,(anonymous_10)
FNDA:0,(anonymous_11)
FNDA:0,(anonymous_12)
FNDA:0,(anonymous_13)
FNDA:0,(anonymous_14)
FNDA:0,(anonymous_15)
FNDA:0,(anonymous_16)
FNDA:0,(anonymous_17)
FNDA:0,(anonymous_18)
DA:3,2
DA:4,2
DA:5,2
DA:6,2
DA:9,2
DA:10,0
DA:19,2
DA:20,0
DA:26,2
DA:27,0
DA:33,2
DA:34,0
DA:35,0
DA:36,0
DA:39,0
DA:45,2
DA:46,0
DA:47,0
DA:48,0
DA:51,0
DA:57,2
DA:58,0
DA:59,0
DA:60,0
DA:63,0
DA:70,2
DA:71,0
DA:72,0
DA:73,0
DA:76,0
LF:30
LH:11
BRF:0
BRH:0
end_of_record
TN:
SF:/Users/limingkang/Documents/Full_Stack_Project/Instagraph/frontend/actions/session_actions.js
FN:6,(anonymous_0)
FN:7,(anonymous_1)
FN:8,(anonymous_2)
FN:11,(anonymous_3)
FN:18,(anonymous_4)
FN:19,(anonymous_5)
FN:20,(anonymous_6)
FN:23,(anonymous_7)
FN:31,(anonymous_8)
FN:32,(anonymous_9)
FN:33,(anonymous_10)
FN:36,(anonymous_11)
FNF:12
FNH:0
FNDA:0,(anonymous_0)
FNDA:0,(anonymous_1)
FNDA:0,(anonymous_2)
FNDA:0,(anonymous_3)
FNDA:0,(anonymous_4)
FNDA:0,(anonymous_5)
FNDA:0,(anonymous_6)
FNDA:0,(anonymous_7)
FNDA:0,(anonymous_8)
FNDA:0,(anonymous_9)
FNDA:0,(anonymous_10)
FNDA:0,(anonymous_11)
DA:2,1
DA:3,1
DA:4,1
DA:6,1
DA:7,0
DA:8,0
DA:9,0
DA:12,0
DA:18,1
DA:19,0
DA:20,0
DA:21,0
DA:24,0
DA:31,1
DA:32,0
DA:33,0
DA:34,0
DA:37,0
LF:18
LH:6
BRF:0
BRH:0
end_of_record
TN:
SF:/Users/limingkang/Documents/Full_Stack_Project/Instagraph/frontend/actions/user_actions.js
FN:8,(anonymous_0)
FN:9,(anonymous_1)
FN:10,(anonymous_2)
FN:15,(anonymous_3)
FN:16,(anonymous_4)
FN:17,(anonymous_5)
FN:24,(anonymous_6)
FN:25,(anonymous_7)
FN:26,(anonymous_8)
FN:32,(anonymous_9)
FN:33,(anonymous_10)
FN:34,(anonymous_11)
FN:40,(anonymous_12)
FN:41,(anonymous_13)
FN:42,(anonymous_14)
FN:49,(anonymous_15)
FNF:16
FNH:0
FNDA:0,(anonymous_0)
FNDA:0,(anonymous_1)
FNDA:0,(anonymous_2)
FNDA:0,(anonymous_3)
FNDA:0,(anonymous_4)
FNDA:0,(anonymous_5)
FNDA:0,(anonymous_6)
FNDA:0,(anonymous_7)
FNDA:0,(anonymous_8)
FNDA:0,(anonymous_9)
FNDA:0,(anonymous_10)
FNDA:0,(anonymous_11)
FNDA:0,(anonymous_12)
FNDA:0,(anonymous_13)
FNDA:0,(anonymous_14)
FNDA:0,(anonymous_15)
DA:3,2
DA:4,2
DA:5,2
DA:6,2
DA:8,2
DA:9,0
DA:10,0
DA:11,0
DA:15,2
DA:16,0
DA:17,0
DA:18,0
DA:24,2
DA:25,0
DA:26,0
DA:27,0
DA:32,2
DA:33,0
DA:34,0
DA:35,0
DA:40,2
DA:41,0
DA:42,0
DA:43,0
DA:49,2
DA:50,0
LF:26
LH:10
BRF:0
BRH:0
end_of_record
TN:
SF:/Users/limingkang/Documents/Full_Stack_Project/Instagraph/frontend/components/greeting/greeting.jsx
FN:6,(anonymous_0)
FN:12,(anonymous_1)
FN:13,(anonymous_2)
FN:16,(anonymous_3)
FNF:4
FNH:2
FNDA:1,(anonymous_0)
FNDA:0,(anonymous_1)
FNDA:0,(anonymous_2)
FNDA:1,(anonymous_3)
DA:7,1
DA:8,1
DA:13,0
DA:18,1
DA:19,1
DA:39,0
DA:65,1
DA:68,0
DA:73,0
DA:80,1
DA:81,1
DA:83,1
LF:12
LH:8
BRDA:18,0,0,1
BRDA:18,0,1,0
BRDA:65,1,0,0
BRDA:65,1,1,1
BRDA:80,2,0,1
BRDA:80,2,1,0
BRF:6
BRH:3
end_of_record
TN:
SF:/Users/limingkang/Documents/Full_Stack_Project/Instagraph/frontend/components/posts/post_index.jsx
FN:15,(anonymous_0)
FN:20,(anonymous_1)
FN:24,(anonymous_2)
FN:25,(anonymous_3)
FN:43,(anonymous_4)
FN:51,(anonymous_5)
FN:52,(anonymous_6)
FN:53,(anonymous_7)
FN:54,(anonymous_8)
FNF:9
FNH:3
FNDA:1,(anonymous_0)
FNDA:1,(anonymous_1)
FNDA:1,(anonymous_2)
FNDA:0,(anonymous_3)
FNDA:0,(anonymous_4)
FNDA:0,(anonymous_5)
FNDA:0,(anonymous_6)
FNDA:0,(anonymous_7)
FNDA:0,(anonymous_8)
DA:8,1
DA:16,1
DA:17,1
DA:21,1
DA:25,1
DA:26,1
DA:27,1
DA:33,0
DA:43,1
DA:44,0
DA:51,1
DA:52,0
DA:53,0
DA:54,0
LF:14
LH:9
BRDA:26,0,0,1
BRDA:26,0,1,0
BRF:2
BRH:1
end_of_record
TN:
SF:/Users/limingkang/Documents/Full_Stack_Project/Instagraph/frontend/components/posts/post_item.jsx
FN:10,(anonymous_0)
FN:19,(anonymous_1)
FN:23,(anonymous_2)
FN:32,(anonymous_3)
FN:36,(anonymous_4)
FN:42,(anonymous_5)
FN:49,(anonymous_6)
FN:53,(anonymous_7)
FN:60,(anonymous_8)
FN:69,(anonymous_9)
FN:73,(anonymous_10)
FN:79,(anonymous_11)
FN:85,(anonymous_12)
FN:90,(anonymous_13)
FN:141,(anonymous_14)
FN:154,(anonymous_15)
FN:156,(anonymous_16)
FN:157,(anonymous_17)
FN:158,(anonymous_18)
FN:159,(anonymous_19)
FN:160,(anonymous_20)
FN:161,(anonymous_21)
FN:162,(anonymous_22)
FNF:23
FNH:0
FNDA:0,(anonymous_0)
FNDA:0,(anonymous_1)
FNDA:0,(anonymous_2)
FNDA:0,(anonymous_3)
FNDA:0,(anonymous_4)
FNDA:0,(anonymous_5)
FNDA:0,(anonymous_6)
FNDA:0,(anonymous_7)
FNDA:0,(anonymous_8)
FNDA:0,(anonymous_9)
FNDA:0,(anonymous_10)
FNDA:0,(anonymous_11)
FNDA:0,(anonymous_12)
FNDA:0,(anonymous_13)
FNDA:0,(anonymous_14)
FNDA:0,(anonymous_15)
FNDA:0,(anonymous_16)
FNDA:0,(anonymous_17)
FNDA:0,(anonymous_18)
FNDA:0,(anonymous_19)
FNDA:0,(anonymous_20)
FNDA:0,(anonymous_21)
FNDA:0,(anonymous_22)
DA:11,0
DA:12,0
DA:16,0
DA:20,0
DA:24,0
DA:25,0
DA:28,0
DA:33,0
DA:37,0
DA:43,0
DA:46,0
DA:50,0
DA:54,0
DA:55,0
DA:61,0
DA:62,0
DA:63,0
DA:80,0
DA:81,0
DA:82,0
DA:83,0
DA:84,0
DA:85,0
DA:86,0
DA:87,0
DA:88,0
DA:91,0
DA:92,0
DA:105,0
DA:141,2
DA:142,0
DA:154,2
DA:155,0
DA:156,0
DA:157,0
DA:158,0
DA:159,0
DA:160,0
DA:161,0
DA:162,0
LF:40
LH:2
BRDA:24,0,0,0
BRDA:24,0,1,0
BRDA:87,1,0,0
BRDA:87,1,1,0
BRDA:87,2,0,0
BRDA:87,2,1,0
BRDA:91,3,0,0
BRDA:91,3,1,0
BRDA:91,4,0,0
BRDA:91,4,1,0
BRDA:120,5,0,0
BRDA:120,5,1,0
BRF:12
BRH:0
end_of_record
TN:
SF:/Users/limingkang/Documents/Full_Stack_Project/Instagraph/frontend/components/session_form/login_form_container.jsx
FN:6,(anonymous_0)
FN:11,(anonymous_1)
FN:13,(anonymous_2)
FNF:3
FNH:0
FNDA:0,(anonymous_0)
FNDA:0,(anonymous_1)
FNDA:0,(anonymous_2)
DA:6,1
DA:11,1
DA:12,0
DA:13,0
LF:4
LH:2
BRF:0
BRH:0
end_of_record
TN:
SF:/Users/limingkang/Documents/Full_Stack_Project/Instagraph/frontend/components/session_form/session_form.jsx
FN:5,(anonymous_0)
FN:15,(anonymous_1)
FN:17,(anonymous_2)
FN:20,(anonymous_3)
FN:26,(anonymous_4)
FN:32,(anonymous_5)
FN:33,(anonymous_6)
FN:40,(anonymous_7)
FNF:8
FNH:0
FNDA:0,(anonymous_0)
FNDA:0,(anonymous_1)
FNDA:0,(anonymous_2)
FNDA:0,(anonymous_3)
FNDA:0,(anonymous_4)
FNDA:0,(anonymous_5)
FNDA:0,(anonymous_6)
FNDA:0,(anonymous_7)
DA:6,0
DA:7,0
DA:11,0
DA:16,0
DA:17,0
DA:21,0
DA:27,0
DA:33,0
DA:34,0
DA:41,0
LF:10
LH:0
BRF:0
BRH:0
end_of_record
TN:
SF:/Users/limingkang/Documents/Full_Stack_Project/Instagraph/frontend/components/session_form/signup_form_container.jsx
FN:6,(anonymous_0)
FN:11,(anonymous_1)
FN:13,(anonymous_2)
FNF:3
FNH:0
FNDA:0,(anonymous_0)
FNDA:0,(anonymous_1)
FNDA:0,(anonymous_2)
DA:6,1
DA:11,1
DA:12,0
DA:13,0
LF:4
LH:2
BRF:0
BRH:0
end_of_record
TN:
SF:/Users/limingkang/Documents/Full_Stack_Project/Instagraph/frontend/components/side_bar/side_bar.jsx
FN:8,(anonymous_0)
FN:12,(anonymous_1)
FN:13,(anonymous_2)
FN:17,(anonymous_3)
FN:62,(anonymous_4)
FN:67,(anonymous_5)
FN:71,(anonymous_6)
FN:73,(anonymous_7)
FN:120,(anonymous_8)
FN:128,(anonymous_9)
FN:130,(anonymous_10)
FNF:11
FNH:4
FNDA:4,(anonymous_0)
FNDA:4,(anonymous_1)
FNDA:0,(anonymous_2)
FNDA:3,(anonymous_3)
FNDA:0,(anonymous_4)
FNDA:0,(anonymous_5)
FNDA:4,(anonymous_6)
FNDA:0,(anonymous_7)
FNDA:0,(anonymous_8)
FNDA:0,(anonymous_9)
FNDA:0,(anonymous_10)
DA:9,4
DA:13,4
DA:14,4
DA:18,3
DA:19,2
DA:20,2
DA:21,2
DA:22,2
DA:23,2
DA:24,2
DA:25,2
DA:26,2
DA:27,2
DA:28,2
DA:29,2
DA:30,2
DA:32,2
DA:33,0
DA:35,2
DA:36,0
DA:37,0
DA:38,0
DA:39,0
DA:41,2
DA:42,0
DA:44,2
DA:45,0
DA:47,2
DA:48,0
DA:50,2
DA:51,0
DA:53,2
DA:54,0
DA:57,2
DA:59,2
DA:63,0
DA:68,0
DA:72,4
DA:73,4
DA:75,0
DA:76,0
DA:79,0
DA:95,4
DA:120,2
DA:121,0
DA:128,2
DA:129,0
DA:130,0
LF:48
LH:30
BRDA:18,0,0,1
BRDA:18,0,1,2
BRDA:32,1,0,0
BRDA:32,1,1,2
BRDA:35,2,0,0
BRDA:35,2,1,2
BRDA:41,3,0,0
BRDA:41,3,1,2
BRDA:44,4,0,0
BRDA:44,4,1,2
BRDA:47,5,0,0
BRDA:47,5,1,2
BRDA:50,6,0,0
BRDA:50,6,1,2
BRDA:53,7,0,0
BRDA:53,7,1,2
BRDA:75,8,0,0
BRDA:75,8,1,0
BRDA:88,9,0,0
BRDA:88,9,1,0
BRF:20
BRH:9
end_of_record
TN:
SF:/Users/limingkang/Documents/Full_Stack_Project/Instagraph/frontend/util/comment_api_util.js
FN:1,(anonymous_0)
FN:11,(anonymous_1)
FNF:2
FNH:0
FNDA:0,(anonymous_0)
FNDA:0,(anonymous_1)
DA:1,2
DA:2,0
DA:11,2
DA:12,0
LF:4
LH:2
BRF:0
BRH:0
end_of_record
TN:
SF:/Users/limingkang/Documents/Full_Stack_Project/Instagraph/frontend/util/like_api_util.js
FN:1,(anonymous_0)
FN:9,(anonymous_1)
FNF:2
FNH:0
FNDA:0,(anonymous_0)
FNDA:0,(anonymous_1)
DA:1,2
DA:2,0
DA:9,2
DA:10,0
LF:4
LH:2
BRF:0
BRH:0
end_of_record
TN:
SF:/Users/limingkang/Documents/Full_Stack_Project/Instagraph/frontend/util/post_api_util.js
FN:1,(anonymous_0)
FN:9,(anonymous_1)
FN:17,(anonymous_2)
FN:28,(anonymous_3)
FNF:4
FNH:0
FNDA:0,(anonymous_0)
FNDA:0,(anonymous_1)
FNDA:0,(anonymous_2)
FNDA:0,(anonymous_3)
DA:1,2
DA:2,0
DA:9,2
DA:10,0
DA:17,2
DA:18,0
DA:28,2
DA:29,0
LF:8
LH:4
BRF:0
BRH:0
end_of_record
TN:
SF:/Users/limingkang/Documents/Full_Stack_Project/Instagraph/frontend/util/session_api_util.js
FN:1,(anonymous_0)
FN:12,(anonymous_1)
FN:23,(anonymous_2)
FNF:3
FNH:0
FNDA:0,(anonymous_0)
FNDA:0,(anonymous_1)
FNDA:0,(anonymous_2)
DA:1,1
DA:2,0
DA:12,1
DA:13,0
DA:23,1
DA:24,0
LF:6
LH:3
BRF:0
BRH:0
end_of_record
TN:
SF:/Users/limingkang/Documents/Full_Stack_Project/Instagraph/frontend/util/user_api_util.js
FN:1,(anonymous_0)
FN:11,(anonymous_1)
FN:18,(anonymous_2)
FN:29,(anonymous_3)
FN:40,(anonymous_4)
FNF:5
FNH:0
FNDA:0,(anonymous_0)
FNDA:0,(anonymous_1)
FNDA:0,(anonymous_2)
FNDA:0,(anonymous_3)
FNDA:0,(anonymous_4)
DA:1,2
DA:2,0
DA:11,2
DA:12,0
DA:18,2
DA:19,0
DA:29,2
DA:30,0
DA:40,2
DA:41,0
LF:10
LH:5
BRF:0
BRH:0
end_of_record
